2023-12-11 02:28:29 | INFO | 跟单猿交易系统启动，跟随交易员：31F08109D363843E
2023-12-11 02:28:37 | SUCCESS | 进行平仓操作，品种:ETH-USDT-SWAP，方向：long
2023-12-11 02:29:23 | SUCCESS | 进行开仓操作，品种：ETH-USDT-SWAP，金额：100.0USDT，方向：short
2023-12-11 02:30:00 | SUCCESS | 进行加仓操作，品种：ETH-USDT-SWAP，加仓量：100.0USDT，方向：short
2023-12-11 02:30:30 | SUCCESS | 进行加仓操作，品种：ETH-USDT-SWAP，加仓量：100.0USDT，方向：short
2023-12-11 02:30:54 | SUCCESS | 进行加仓操作，品种：ETH-USDT-SWAP，加仓量：100.0USDT，方向：short
2023-12-11 02:31:18 | SUCCESS | 进行加仓操作，品种：ETH-USDT-SWAP，加仓量：100.0USDT，方向：short
2023-12-11 07:04:39 | SUCCESS | 进行加仓操作，品种：ETH-USDT-SWAP，加仓量：100.0USDT，方向：short
2023-12-11 07:18:30 | SUCCESS | 进行减仓操作，品种：ETH-USDT-SWAP，减仓量：846.3333333333334USDT，减仓占比：33.33%
2023-12-11 08:56:12 | SUCCESS | 进行平仓操作，品种:ETH-USDT-SWAP，方向：short
2023-12-11 08:57:11 | SUCCESS | 进行开仓操作，品种：ETH-USDT-SWAP，金额：100.0USDT，方向：long
2023-12-11 09:02:14 | SUCCESS | 进行加仓操作，品种：ETH-USDT-SWAP，加仓量：100.0USDT，方向：long
2023-12-11 09:02:30 | SUCCESS | 进行加仓操作，品种：ETH-USDT-SWAP，加仓量：100.0USDT，方向：long
2023-12-11 09:02:56 | SUCCESS | 进行加仓操作，品种：ETH-USDT-SWAP，加仓量：100.0USDT，方向：long
2023-12-11 09:03:20 | SUCCESS | 进行加仓操作，品种：ETH-USDT-SWAP，加仓量：100.0USDT，方向：long
2023-12-11 09:04:27 | SUCCESS | 进行加仓操作，品种：ETH-USDT-SWAP，加仓量：100.0USDT，方向：long
2023-12-11 09:09:52 | SUCCESS | 进行加仓操作，品种：ETH-USDT-SWAP，加仓量：100.0USDT，方向：long
2023-12-11 09:10:24 | SUCCESS | 进行加仓操作，品种：ETH-USDT-SWAP，加仓量：100.0USDT，方向：long
2023-12-11 09:11:21 | SUCCESS | 进行加仓操作，品种：ETH-USDT-SWAP，加仓量：100.0USDT，方向：long
2023-12-11 10:16:10 | SUCCESS | 进行加仓操作，品种：ETH-USDT-SWAP，加仓量：100.0USDT，方向：long
2023-12-11 10:16:21 | SUCCESS | 进行加仓操作，品种：ETH-USDT-SWAP，加仓量：100.0USDT，方向：long
2023-12-11 10:16:59 | SUCCESS | 进行加仓操作，品种：ETH-USDT-SWAP，加仓量：100.0USDT，方向：long
2023-12-11 10:17:53 | SUCCESS | 进行加仓操作，品种：ETH-USDT-SWAP，加仓量：100.0USDT，方向：long
2023-12-11 10:18:16 | SUCCESS | 进行加仓操作，品种：ETH-USDT-SWAP，加仓量：100.0USDT，方向：long
2023-12-11 10:18:44 | SUCCESS | 进行加仓操作，品种：ETH-USDT-SWAP，加仓量：100.0USDT，方向：long
2023-12-11 10:19:23 | SUCCESS | 进行加仓操作，品种：ETH-USDT-SWAP，加仓量：100.0USDT，方向：long
2023-12-11 10:24:41 | SUCCESS | 进行加仓操作，品种：ETH-USDT-SWAP，加仓量：100.0USDT，方向：long
2023-12-11 10:25:12 | SUCCESS | 进行加仓操作，品种：ETH-USDT-SWAP，加仓量：100.0USDT，方向：long
2023-12-11 10:58:33 | SUCCESS | 进行加仓操作，品种：ETH-USDT-SWAP，加仓量：100.0USDT，方向：long
2023-12-11 11:39:06 | SUCCESS | 进行减仓操作，品种：ETH-USDT-SWAP，暂时没有仓位，继续跟单中...
2023-12-11 11:39:10 | SUCCESS | 进行减仓操作，品种：ETH-USDT-SWAP，暂时没有仓位，继续跟单中...
2023-12-11 11:40:09 | SUCCESS | 进行减仓操作，品种：ETH-USDT-SWAP，暂时没有仓位，继续跟单中...
2023-12-11 11:40:42 | SUCCESS | 进行减仓操作，品种：ETH-USDT-SWAP，暂时没有仓位，继续跟单中...
2023-12-11 11:40:59 | SUCCESS | 进行减仓操作，品种：ETH-USDT-SWAP，暂时没有仓位，继续跟单中...
2023-12-11 11:41:47 | SUCCESS | 进行减仓操作，品种：ETH-USDT-SWAP，暂时没有仓位，继续跟单中...
2023-12-11 11:42:17 | SUCCESS | 进行减仓操作，品种：ETH-USDT-SWAP，暂时没有仓位，继续跟单中...
2023-12-11 14:46:59 | SUCCESS | 进行加仓操作，品种：ETH-USDT-SWAP，加仓量：100.0USDT，方向：long
2023-12-11 15:15:55 | SUCCESS | 进行减仓操作，品种：ETH-USDT-SWAP，暂时没有仓位，继续跟单中...
2023-12-11 16:11:20 | SUCCESS | 进行加仓操作，品种：ETH-USDT-SWAP，加仓量：100.0USDT，方向：long
2023-12-11 17:18:35 | SUCCESS | 进行减仓操作，品种：ETH-USDT-SWAP，减仓量：111.75USDT，减仓占比：25.00%
2023-12-11 18:11:57 | SUCCESS | 进行减仓操作，品种：ETH-USDT-SWAP，减仓量：112.00000000000001USDT，减仓占比：33.33%
2023-12-11 21:43:37 | SUCCESS | 进行加仓操作，品种：ETH-USDT-SWAP，加仓量：100.0USDT，方向：long
2023-12-11 22:07:33 | SUCCESS | 进行加仓操作，品种：ETH-USDT-SWAP，加仓量：100.0USDT，方向：long
2023-12-11 23:20:25 | SUCCESS | 进行加仓操作，品种：ETH-USDT-SWAP，加仓量：100.0USDT，方向：long
2023-12-11 23:31:29 | SUCCESS | 进行加仓操作，品种：ETH-USDT-SWAP，加仓量：100.0USDT，方向：long
2023-12-11 23:46:28 | SUCCESS | 进行加仓操作，品种：ETH-USDT-SWAP，加仓量：100.0USDT，方向：long
2023-12-12 00:14:02 | SUCCESS | 进行加仓操作，品种：ETH-USDT-SWAP，加仓量：100.0USDT，方向：long
2023-12-12 02:36:02 | SUCCESS | 进行加仓操作，品种：ETH-USDT-SWAP，加仓量：100.0USDT，方向：long
2023-12-12 04:51:46 | SUCCESS | 进行减仓操作，品种：ETH-USDT-SWAP，减仓量：422.75USDT，减仓占比：12.50%
2023-12-12 05:07:12 | SUCCESS | 进行减仓操作，品种：ETH-USDT-SWAP，减仓量：84.5714285714286USDT，减仓占比：2.86%
2023-12-12 05:07:47 | SUCCESS | 进行减仓操作，品种：ETH-USDT-SWAP，减仓量：84.58823529411767USDT，减仓占比：2.94%
2023-12-12 05:08:15 | SUCCESS | 进行减仓操作，品种：ETH-USDT-SWAP，减仓量：84.60606060606054USDT，减仓占比：3.03%
2023-12-12 05:08:38 | SUCCESS | 进行减仓操作，品种：ETH-USDT-SWAP，减仓量：169.25USDT，减仓占比：6.25%
2023-12-12 06:17:18 | SUCCESS | 进行减仓操作，品种：ETH-USDT-SWAP，减仓量：423.1666666666666USDT，减仓占比：16.67%
2023-12-12 06:17:39 | SUCCESS | 进行减仓操作，品种：ETH-USDT-SWAP，减仓量：423.19999999999993USDT，减仓占比：20.00%
2023-12-12 06:18:53 | SUCCESS | 进行减仓操作，品种：ETH-USDT-SWAP，减仓量：423.25USDT，减仓占比：25.00%
2023-12-12 06:44:09 | SUCCESS | 进行减仓操作，品种：ETH-USDT-SWAP，减仓量：253.99999999999994USDT，减仓占比：20.00%
2023-12-12 06:55:04 | SUCCESS | 进行减仓操作，品种：ETH-USDT-SWAP，减仓量：169.49999999999997USDT，减仓占比：16.67%
2023-12-12 08:22:53 | SUCCESS | 进行减仓操作，品种：ETH-USDT-SWAP，减仓量：424.0USDT，减仓占比：50.00%
2023-12-12 10:17:43 | SUCCESS | 进行平仓操作，品种:ETH-USDT-SWAP，方向：long
2023-12-12 19:36:21 | SUCCESS | 进行开仓操作，品种：ETH-USDT-SWAP，金额：100.0USDT，方向：long
2023-12-12 19:36:53 | SUCCESS | 进行加仓操作，品种：ETH-USDT-SWAP，加仓量：100.0USDT，方向：long
2023-12-12 19:43:00 | SUCCESS | 进行加仓操作，品种：ETH-USDT-SWAP，加仓量：100.0USDT，方向：long
2023-12-12 19:43:13 | SUCCESS | 进行加仓操作，品种：ETH-USDT-SWAP，加仓量：100.0USDT，方向：long
2023-12-12 19:55:03 | SUCCESS | 进行加仓操作，品种：ETH-USDT-SWAP，加仓量：100.0USDT，方向：long
2023-12-12 20:44:57 | SUCCESS | 进行平仓操作，品种:ETH-USDT-SWAP，方向：long
2023-12-12 21:22:50 | SUCCESS | 进行开仓操作，品种：ETH-USDT-SWAP，金额：100.0USDT，方向：long
2023-12-12 21:31:45 | SUCCESS | 进行平仓操作，品种:ETH-USDT-SWAP，方向：long
2023-12-12 22:14:47 | SUCCESS | 进行开仓操作，品种：ETH-USDT-SWAP，金额：100.0USDT，方向：long
2023-12-12 22:17:39 | SUCCESS | 进行加仓操作，品种：ETH-USDT-SWAP，加仓量：100.0USDT，方向：long
2023-12-12 22:45:34 | SUCCESS | 进行加仓操作，品种：ETH-USDT-SWAP，加仓量：100.0USDT，方向：long
2023-12-12 22:46:11 | SUCCESS | 进行加仓操作，品种：ETH-USDT-SWAP，加仓量：100.0USDT，方向：long
2023-12-12 22:52:33 | SUCCESS | 进行加仓操作，品种：ETH-USDT-SWAP，加仓量：100.0USDT，方向：long
2023-12-12 22:53:08 | SUCCESS | 进行加仓操作，品种：ETH-USDT-SWAP，加仓量：100.0USDT，方向：long
2023-12-12 22:55:01 | SUCCESS | 进行加仓操作，品种：ETH-USDT-SWAP，加仓量：100.0USDT，方向：long
2023-12-12 22:57:19 | SUCCESS | 进行加仓操作，品种：ETH-USDT-SWAP，加仓量：100.0USDT，方向：long
2023-12-12 23:18:28 | SUCCESS | 进行加仓操作，品种：ETH-USDT-SWAP，加仓量：100.0USDT，方向：long
2023-12-12 23:24:28 | SUCCESS | 进行加仓操作，品种：ETH-USDT-SWAP，加仓量：100.0USDT，方向：long
2023-12-12 23:24:59 | SUCCESS | 进行加仓操作，品种：ETH-USDT-SWAP，加仓量：100.0USDT，方向：long
2023-12-12 23:26:50 | SUCCESS | 进行加仓操作，品种：ETH-USDT-SWAP，加仓量：100.0USDT，方向：long
2023-12-13 00:13:10 | SUCCESS | 进行加仓操作，品种：ETH-USDT-SWAP，加仓量：100.0USDT，方向：long
2023-12-13 01:31:24 | SUCCESS | 进行加仓操作，品种：ETH-USDT-SWAP，加仓量：100.0USDT，方向：long
2023-12-13 01:33:24 | SUCCESS | 进行加仓操作，品种：ETH-USDT-SWAP，加仓量：100.0USDT，方向：long
2023-12-13 07:19:17 | SUCCESS | 进行减仓操作，品种：ETH-USDT-SWAP，减仓量：1134.333333333333USDT，减仓占比：16.67%
2023-12-13 07:19:30 | SUCCESS | 进行减仓操作，品种：ETH-USDT-SWAP，减仓量：1134.3999999999996USDT，减仓占比：20.00%
2023-12-13 07:19:44 | SUCCESS | 进行减仓操作，品种：ETH-USDT-SWAP，减仓量：2269.0USDT，减仓占比：50.00%
2023-12-13 07:20:41 | SUCCESS | 进行减仓操作，品种：ETH-USDT-SWAP，减仓量：1134.5USDT，减仓占比：50.00%
2023-12-13 07:31:20 | SUCCESS | 进行减仓操作，品种：ETH-USDT-SWAP，减仓量：681.0USDT，减仓占比：60.00%
2023-12-13 07:31:38 | SUCCESS | 进行平仓操作，品种:ETH-USDT-SWAP，方向：long
2023-12-13 07:33:03 | SUCCESS | 进行开仓操作，品种：ETH-USDT-SWAP，金额：100.0USDT，方向：short
2023-12-13 08:45:42 | SUCCESS | 进行加仓操作，品种：ETH-USDT-SWAP，加仓量：100.0USDT，方向：short
2023-12-13 09:28:22 | SUCCESS | 进行平仓操作，品种:ETH-USDT-SWAP，方向：short
2023-12-13 09:29:36 | SUCCESS | 进行开仓操作，品种：ETH-USDT-SWAP，金额：100.0USDT，方向：long
2023-12-13 09:29:57 | SUCCESS | 进行加仓操作，品种：ETH-USDT-SWAP，加仓量：100.0USDT，方向：long
2023-12-13 09:30:15 | SUCCESS | 进行加仓操作，品种：ETH-USDT-SWAP，加仓量：100.0USDT，方向：long
2023-12-13 10:12:02 | SUCCESS | 进行加仓操作，品种：ETH-USDT-SWAP，加仓量：100.0USDT，方向：long
2023-12-13 11:25:23 | SUCCESS | 进行加仓操作，品种：ETH-USDT-SWAP，加仓量：100.0USDT，方向：long
2023-12-13 12:10:45 | SUCCESS | 进行加仓操作，品种：ETH-USDT-SWAP，加仓量：100.0USDT，方向：long
2023-12-13 12:15:42 | SUCCESS | 进行加仓操作，品种：ETH-USDT-SWAP，加仓量：100.0USDT，方向：long
2023-12-13 13:39:03 | SUCCESS | 进行减仓操作，品种：ETH-USDT-SWAP，减仓量：644.3999999999999USDT，减仓占比：20.00%
2023-12-13 13:48:14 | SUCCESS | 进行减仓操作，品种：ETH-USDT-SWAP，减仓量：644.5USDT，减仓占比：25.00%
2023-12-13 13:56:54 | SUCCESS | 进行减仓操作，品种：ETH-USDT-SWAP，减仓量：967.0USDT，减仓占比：50.00%
2023-12-13 13:57:09 | SUCCESS | 进行平仓操作，品种:ETH-USDT-SWAP，方向：long
2023-12-13 22:49:03 | SUCCESS | 进行开仓操作，品种：ETH-USDT-SWAP，金额：100.0USDT，方向：short
2023-12-13 23:35:02 | SUCCESS | 进行加仓操作，品种：ETH-USDT-SWAP，加仓量：100.0USDT，方向：short
2023-12-13 23:35:31 | SUCCESS | 进行加仓操作，品种：ETH-USDT-SWAP，加仓量：100.0USDT，方向：short
2023-12-13 23:37:20 | SUCCESS | 进行加仓操作，品种：ETH-USDT-SWAP，加仓量：100.0USDT，方向：short
2023-12-14 00:12:53 | SUCCESS | 进行加仓操作，品种：ETH-USDT-SWAP，加仓量：100.0USDT，方向：short
2023-12-14 00:25:12 | SUCCESS | 进行减仓操作，品种：ETH-USDT-SWAP，减仓量：751.6666666666667USDT，减仓占比：33.33%
2023-12-14 00:27:35 | SUCCESS | 进行减仓操作，品种：ETH-USDT-SWAP，减仓量：752.0USDT，减仓占比：50.00%
2023-12-14 00:43:57 | SUCCESS | 进行平仓操作，品种:ETH-USDT-SWAP，方向：short
2023-12-14 07:05:33 | SUCCESS | 进行开仓操作，品种：ETH-USDT-SWAP，金额：100.0USDT，方向：short
2023-12-14 08:33:05 | SUCCESS | 进行加仓操作，品种：ETH-USDT-SWAP，加仓量：100.0USDT，方向：short
2023-12-14 08:34:02 | SUCCESS | 进行加仓操作，品种：ETH-USDT-SWAP，加仓量：100.0USDT，方向：short
2023-12-14 08:34:20 | SUCCESS | 进行加仓操作，品种：ETH-USDT-SWAP，加仓量：100.0USDT，方向：short
2023-12-14 08:42:05 | SUCCESS | 进行减仓操作，品种：ETH-USDT-SWAP，减仓量：706.4000000000001USDT，减仓占比：40.00%
2023-12-14 08:46:36 | SUCCESS | 进行平仓操作，品种:ETH-USDT-SWAP，方向：short
2023-12-14 09:09:19 | SUCCESS | 进行开仓操作，品种：ETH-USDT-SWAP，金额：100.0USDT，方向：short
2023-12-14 09:20:43 | SUCCESS | 进行平仓操作，品种:ETH-USDT-SWAP，方向：short
2023-12-14 09:43:05 | SUCCESS | 进行开仓操作，品种：ETH-USDT-SWAP，金额：100.0USDT，方向：long
2023-12-14 09:48:55 | SUCCESS | 进行加仓操作，品种：ETH-USDT-SWAP，加仓量：100.0USDT，方向：long
