2023-12-19 15:43:15 | INFO | 跟单猿交易系统启动，跟随交易员：BE9D269AE6D59DCF
2023-12-19 15:46:57 | WARNING | 停止交易，获取api信息失败，请重新提交api，并确认开启交易权限
2023-12-19 16:11:57 | SUCCESS | 进行平仓操作，品种:ZEC-USDT-SWAP，方向：long
2023-12-19 16:13:57 | SUCCESS | 进行平仓操作，品种:ZEN-USDT-SWAP，方向：long
2023-12-19 16:40:41 | SUCCESS | 进行平仓操作，品种:DYDX-USDT-SWAP，方向：long
2023-12-19 16:40:59 | SUCCESS | 进行平仓操作，品种:BNB-USDT-SWAP，方向：long
2023-12-19 16:41:08 | SUCCESS | 进行平仓操作，品种:IOST-USDT-SWAP，方向：long
2023-12-19 16:41:19 | SUCCESS | 进行平仓操作，品种:LTC-USDT-SWAP，方向：long
2023-12-19 16:41:29 | SUCCESS | 进行平仓操作，品种:MKR-USDT-SWAP，方向：long
2023-12-19 18:10:40 | INFO | 跟单猿交易系统启动，跟随交易员：BE9D269AE6D59DCF
2023-12-19 18:10:44 | SUCCESS | 进行平仓操作，品种:DYDX-USDT-SWAP，方向：long
2023-12-19 18:10:48 | SUCCESS | 进行平仓操作，品种:DYDX-USDT-SWAP，方向：long
2023-12-19 18:11:02 | SUCCESS | 进行平仓操作，品种:BNB-USDT-SWAP，方向：long
2023-12-19 18:11:14 | SUCCESS | 进行平仓操作，品种:IOST-USDT-SWAP，方向：long
2023-12-19 18:11:28 | SUCCESS | 进行平仓操作，品种:LTC-USDT-SWAP，方向：long
2023-12-19 18:11:40 | SUCCESS | 进行平仓操作，品种:MKR-USDT-SWAP，方向：long
2023-12-19 19:47:01 | INFO | 跟单猿交易系统启动，跟随交易员：BE9D269AE6D59DCF
2023-12-19 19:47:06 | SUCCESS | 进行平仓操作，品种:BNB-USDT-SWAP，方向：long
2023-12-19 19:47:15 | SUCCESS | 进行平仓操作，品种:BNB-USDT-SWAP，方向：long
2023-12-19 19:47:26 | SUCCESS | 进行平仓操作，品种:IOST-USDT-SWAP，方向：long
2023-12-19 19:47:39 | SUCCESS | 进行平仓操作，品种:LTC-USDT-SWAP，方向：long
2023-12-19 19:47:52 | SUCCESS | 进行平仓操作，品种:MKR-USDT-SWAP，方向：long
2023-12-19 19:48:05 | WARNING | 模拟盘土狗币交易失败，品种：DYDX-USDT-SWAP不在交易所模拟盘中！
2023-12-19 19:48:13 | SUCCESS | 进行开仓操作，品种：BNB-USDT-SWAP，金额：100.0USDT，方向：long
