2023-12-22 14:53:30 | INFO | 跟单猿交易系统启动，跟随交易员：BE9D269AE6D59DCF
2023-12-22 14:53:37 | WARNING | 模拟盘土狗币交易失败，品种：LUNC-USDT-SWAP不在交易所模拟盘中！
2023-12-22 14:54:54 | WARNING | 模拟盘土狗币交易失败，品种：LUNC-USDT-SWAP不在交易所模拟盘中！
2023-12-22 15:10:10 | WARNING | 模拟盘土狗币交易失败，品种：LUNC-USDT-SWAP不在交易所模拟盘中！
2023-12-22 15:14:20 | WARNING | 模拟盘土狗币交易失败，品种：LUNC-USDT-SWAP不在交易所模拟盘中！
2023-12-22 16:31:14 | SUCCESS | 进行开仓操作，品种：XRP-USDT-SWAP，金额：100.0USDT，方向：long
2023-12-22 19:15:39 | SUCCESS | 进行减仓操作，品种：MKR-USDT-SWAP，暂时没有仓位，继续跟单中...
2023-12-22 20:19:32 | SUCCESS | 进行加仓操作，品种：XRP-USDT-SWAP，加仓量：100.0USDT，方向：long
2023-12-22 21:50:44 | SUCCESS | 进行减仓操作，品种：YFII-USDT-SWAP，暂时没有仓位，继续跟单中...
2023-12-22 22:09:10 | SUCCESS | 进行减仓操作，品种：MKR-USDT-SWAP，暂时没有仓位，继续跟单中...
2023-12-22 22:09:17 | SUCCESS | 进行减仓操作，品种：IOST-USDT-SWAP，暂时没有仓位，继续跟单中...
2023-12-22 22:09:36 | SUCCESS | 进行减仓操作，品种：MKR-USDT-SWAP，暂时没有仓位，继续跟单中...
2023-12-22 22:09:44 | SUCCESS | 进行减仓操作，品种：MKR-USDT-SWAP，暂时没有仓位，继续跟单中...
2023-12-22 22:10:54 | SUCCESS | 进行平仓操作，品种:SHIB-USDT-SWAP，方向：long
2023-12-22 22:11:02 | SUCCESS | 进行平仓操作，品种:YFII-USDT-SWAP，方向：long
2023-12-22 22:11:35 | SUCCESS | 进行减仓操作，品种：MKR-USDT-SWAP，暂时没有仓位，继续跟单中...
2023-12-22 22:11:43 | SUCCESS | 进行减仓操作，品种：MKR-USDT-SWAP，暂时没有仓位，继续跟单中...
2023-12-22 22:11:55 | SUCCESS | 进行减仓操作，品种：MKR-USDT-SWAP，暂时没有仓位，继续跟单中...
2023-12-22 22:12:00 | WARNING | 模拟盘土狗币交易失败，品种：LUNC-USDT-SWAP不在交易所模拟盘中！
2023-12-22 22:12:04 | WARNING | 模拟盘土狗币交易失败，品种：LUNC-USDT-SWAP不在交易所模拟盘中！
2023-12-22 22:12:08 | SUCCESS | 进行平仓操作，品种:LUNC-USDT-SWAP，方向：long
2023-12-22 22:17:26 | WARNING | 模拟盘土狗币交易失败，品种：ZRX-USDT-SWAP不在交易所模拟盘中！
2023-12-22 22:30:31 | SUCCESS | 进行开仓操作，品种：ATOM-USDT-SWAP，金额：100.0USDT，方向：long
2023-12-22 22:36:46 | WARNING | 模拟盘土狗币交易失败，品种：ZRX-USDT-SWAP不在交易所模拟盘中！
2023-12-22 23:13:59 | WARNING | 模拟盘土狗币交易失败，品种：LUNC-USDT-SWAP不在交易所模拟盘中！
2023-12-22 23:14:05 | WARNING | 模拟盘土狗币交易失败，品种：LUNC-USDT-SWAP不在交易所模拟盘中！
