celery beat v5.3.6 (emerald-rush) is starting.
__    -    ... __   -        _
LocalTime -> 2023-12-29 15:08:25
Configuration ->
    . broker -> redis://127.0.0.1:6379/14
    . loader -> celery.loaders.app.AppLoader
    . scheduler -> celery.beat.PersistentScheduler
    . db -> celerybeat-schedule
    . logfile -> [stderr]@%INFO
    . maxinterval -> 5.00 minutes (300s)
celery beat v5.3.6 (emerald-rush) is starting.
__    -    ... __   -        _
LocalTime -> 2023-12-29 15:09:47
Configuration ->
    . broker -> redis://127.0.0.1:6379/14
    . loader -> celery.loaders.app.AppLoader
    . scheduler -> celery.beat.PersistentScheduler
    . db -> celerybeat-schedule
    . logfile -> [stderr]@%INFO
    . maxinterval -> 5.00 minutes (300s)
celery beat v5.3.6 (emerald-rush) is starting.
__    -    ... __   -        _
LocalTime -> 2023-12-29 15:13:59
Configuration ->
    . broker -> redis://127.0.0.1:6379/14
    . loader -> celery.loaders.app.AppLoader
    . scheduler -> celery.beat.PersistentScheduler
    . db -> celerybeat-schedule
    . logfile -> [stderr]@%INFO
    . maxinterval -> 5.00 minutes (300s)
