[2024-03-18 14:49:00,511: INFO/MainProcess] beat: Starting...
[2024-03-18 14:49:00,556: INFO/MainProcess] Scheduler: Sending due task get_position (get_position)
[2024-03-18 14:49:00,562: INFO/MainProcess] Scheduler: Sending due task get_balance (get_balance)
[2024-03-18 14:49:00,564: INFO/MainProcess] Scheduler: Sending due task update_pnl (update_pnl)
[2024-03-18 14:50:00,553: INFO/MainProcess] Scheduler: Sending due task get_position (get_position)
[2024-03-18 14:50:00,564: INFO/MainProcess] Scheduler: Sending due task update_pnl (update_pnl)
[2024-03-18 14:51:00,552: INFO/MainProcess] Scheduler: Sending due task get_position (get_position)
[2024-03-18 14:51:00,564: INFO/MainProcess] Scheduler: Sending due task update_pnl (update_pnl)
[2024-03-18 14:52:00,552: INFO/MainProcess] Scheduler: Sending due task get_position (get_position)
[2024-03-18 14:52:00,564: INFO/MainProcess] Scheduler: Sending due task update_pnl (update_pnl)
[2024-03-18 14:53:00,553: INFO/MainProcess] Scheduler: Sending due task get_position (get_position)
[2024-03-18 14:53:00,564: INFO/MainProcess] Scheduler: Sending due task update_pnl (update_pnl)
[2024-03-18 14:54:00,553: INFO/MainProcess] Scheduler: Sending due task get_position (get_position)
[2024-03-18 14:54:00,562: INFO/MainProcess] Scheduler: Sending due task get_balance (get_balance)
[2024-03-18 14:54:00,566: INFO/MainProcess] Scheduler: Sending due task update_pnl (update_pnl)
[2024-03-18 14:55:00,553: INFO/MainProcess] Scheduler: Sending due task get_position (get_position)
[2024-03-18 14:55:00,566: INFO/MainProcess] Scheduler: Sending due task update_pnl (update_pnl)
[2024-03-18 14:56:00,553: INFO/MainProcess] Scheduler: Sending due task get_position (get_position)
[2024-03-18 14:56:00,566: INFO/MainProcess] Scheduler: Sending due task update_pnl (update_pnl)
[2024-03-18 14:57:00,553: INFO/MainProcess] Scheduler: Sending due task get_position (get_position)
[2024-03-18 14:57:00,566: INFO/MainProcess] Scheduler: Sending due task update_pnl (update_pnl)
[2024-03-18 14:58:00,553: INFO/MainProcess] Scheduler: Sending due task get_position (get_position)
[2024-03-18 14:58:00,566: INFO/MainProcess] Scheduler: Sending due task update_pnl (update_pnl)
[2024-03-18 14:59:00,553: INFO/MainProcess] Scheduler: Sending due task get_position (get_position)
[2024-03-18 14:59:00,563: INFO/MainProcess] Scheduler: Sending due task get_balance (get_balance)
[2024-03-18 14:59:00,566: INFO/MainProcess] Scheduler: Sending due task update_pnl (update_pnl)
[2024-03-18 15:00:00,553: INFO/MainProcess] Scheduler: Sending due task get_position (get_position)
[2024-03-18 15:00:00,566: INFO/MainProcess] Scheduler: Sending due task update_pnl (update_pnl)
[2024-03-18 15:01:00,553: INFO/MainProcess] Scheduler: Sending due task get_position (get_position)
[2024-03-18 15:01:00,566: INFO/MainProcess] Scheduler: Sending due task update_pnl (update_pnl)
[2024-03-18 15:02:00,553: INFO/MainProcess] Scheduler: Sending due task get_position (get_position)
[2024-03-18 15:02:00,566: INFO/MainProcess] Scheduler: Sending due task update_pnl (update_pnl)
[2024-03-18 15:03:00,553: INFO/MainProcess] Scheduler: Sending due task get_position (get_position)
[2024-03-18 15:03:00,566: INFO/MainProcess] Scheduler: Sending due task update_pnl (update_pnl)
[2024-03-18 15:04:00,553: INFO/MainProcess] Scheduler: Sending due task get_position (get_position)
[2024-03-18 15:04:00,563: INFO/MainProcess] Scheduler: Sending due task get_balance (get_balance)
[2024-03-18 15:04:00,566: INFO/MainProcess] Scheduler: Sending due task update_pnl (update_pnl)
[2024-03-18 15:05:00,553: INFO/MainProcess] Scheduler: Sending due task get_position (get_position)
[2024-03-18 15:05:00,566: INFO/MainProcess] Scheduler: Sending due task update_pnl (update_pnl)
[2024-03-18 15:06:00,553: INFO/MainProcess] Scheduler: Sending due task get_position (get_position)
[2024-03-18 15:06:00,566: INFO/MainProcess] Scheduler: Sending due task update_pnl (update_pnl)
[2024-03-18 15:07:00,553: INFO/MainProcess] Scheduler: Sending due task get_position (get_position)
[2024-03-18 15:07:00,566: INFO/MainProcess] Scheduler: Sending due task update_pnl (update_pnl)
[2024-03-18 15:08:00,553: INFO/MainProcess] Scheduler: Sending due task get_position (get_position)
[2024-03-18 15:08:00,566: INFO/MainProcess] Scheduler: Sending due task update_pnl (update_pnl)
[2024-03-18 15:09:00,553: INFO/MainProcess] Scheduler: Sending due task get_position (get_position)
[2024-03-18 15:09:00,563: INFO/MainProcess] Scheduler: Sending due task get_balance (get_balance)
[2024-03-18 15:09:00,567: INFO/MainProcess] Scheduler: Sending due task update_pnl (update_pnl)
[2024-03-18 15:10:00,553: INFO/MainProcess] Scheduler: Sending due task get_position (get_position)
[2024-03-18 15:10:00,567: INFO/MainProcess] Scheduler: Sending due task update_pnl (update_pnl)
[2024-03-18 15:11:00,553: INFO/MainProcess] Scheduler: Sending due task get_position (get_position)
[2024-03-18 15:11:00,567: INFO/MainProcess] Scheduler: Sending due task update_pnl (update_pnl)
[2024-03-18 15:12:00,554: INFO/MainProcess] Scheduler: Sending due task get_position (get_position)
[2024-03-18 15:12:00,567: INFO/MainProcess] Scheduler: Sending due task update_pnl (update_pnl)
[2024-03-18 15:13:00,554: INFO/MainProcess] Scheduler: Sending due task get_position (get_position)
[2024-03-18 15:13:00,567: INFO/MainProcess] Scheduler: Sending due task update_pnl (update_pnl)
[2024-03-18 15:14:00,554: INFO/MainProcess] Scheduler: Sending due task get_position (get_position)
[2024-03-18 15:14:00,563: INFO/MainProcess] Scheduler: Sending due task get_balance (get_balance)
[2024-03-18 15:14:00,567: INFO/MainProcess] Scheduler: Sending due task update_pnl (update_pnl)
[2024-03-18 15:15:00,554: INFO/MainProcess] Scheduler: Sending due task get_position (get_position)
[2024-03-18 15:15:00,567: INFO/MainProcess] Scheduler: Sending due task update_pnl (update_pnl)
[2024-03-18 15:16:00,554: INFO/MainProcess] Scheduler: Sending due task get_position (get_position)
[2024-03-18 15:16:00,567: INFO/MainProcess] Scheduler: Sending due task update_pnl (update_pnl)
[2024-03-18 15:17:00,554: INFO/MainProcess] Scheduler: Sending due task get_position (get_position)
[2024-03-18 15:17:00,567: INFO/MainProcess] Scheduler: Sending due task update_pnl (update_pnl)
[2024-03-18 15:18:00,554: INFO/MainProcess] Scheduler: Sending due task get_position (get_position)
[2024-03-18 15:18:00,567: INFO/MainProcess] Scheduler: Sending due task update_pnl (update_pnl)
[2024-03-18 15:19:00,554: INFO/MainProcess] Scheduler: Sending due task get_position (get_position)
[2024-03-18 15:19:00,563: INFO/MainProcess] Scheduler: Sending due task get_balance (get_balance)
[2024-03-18 15:19:00,567: INFO/MainProcess] Scheduler: Sending due task update_pnl (update_pnl)
[2024-03-18 15:20:00,554: INFO/MainProcess] Scheduler: Sending due task get_position (get_position)
[2024-03-18 15:20:00,567: INFO/MainProcess] Scheduler: Sending due task update_pnl (update_pnl)
[2024-03-18 15:21:00,554: INFO/MainProcess] Scheduler: Sending due task get_position (get_position)
[2024-03-18 15:21:00,567: INFO/MainProcess] Scheduler: Sending due task update_pnl (update_pnl)
[2024-03-18 15:22:00,554: INFO/MainProcess] Scheduler: Sending due task get_position (get_position)
[2024-03-18 15:22:00,567: INFO/MainProcess] Scheduler: Sending due task update_pnl (update_pnl)
[2024-03-18 15:23:00,554: INFO/MainProcess] Scheduler: Sending due task get_position (get_position)
[2024-03-18 15:23:00,567: INFO/MainProcess] Scheduler: Sending due task update_pnl (update_pnl)
[2024-03-18 15:24:00,554: INFO/MainProcess] Scheduler: Sending due task get_position (get_position)
[2024-03-18 15:24:00,563: INFO/MainProcess] Scheduler: Sending due task get_balance (get_balance)
[2024-03-18 15:24:00,567: INFO/MainProcess] Scheduler: Sending due task update_pnl (update_pnl)
[2024-03-18 15:25:00,554: INFO/MainProcess] Scheduler: Sending due task get_position (get_position)
[2024-03-18 15:25:00,567: INFO/MainProcess] Scheduler: Sending due task update_pnl (update_pnl)
[2024-03-18 15:26:00,555: INFO/MainProcess] Scheduler: Sending due task get_position (get_position)
[2024-03-18 15:26:00,567: INFO/MainProcess] Scheduler: Sending due task update_pnl (update_pnl)
[2024-03-18 15:27:00,555: INFO/MainProcess] Scheduler: Sending due task get_position (get_position)
[2024-03-18 15:27:00,567: INFO/MainProcess] Scheduler: Sending due task update_pnl (update_pnl)
[2024-03-18 15:28:00,555: INFO/MainProcess] Scheduler: Sending due task get_position (get_position)
[2024-03-18 15:28:00,567: INFO/MainProcess] Scheduler: Sending due task update_pnl (update_pnl)
[2024-03-18 15:29:00,557: INFO/MainProcess] Scheduler: Sending due task get_position (get_position)
[2024-03-18 15:29:00,563: INFO/MainProcess] Scheduler: Sending due task get_balance (get_balance)
[2024-03-18 15:29:00,567: INFO/MainProcess] Scheduler: Sending due task update_pnl (update_pnl)
[2024-03-18 15:30:00,557: INFO/MainProcess] Scheduler: Sending due task get_position (get_position)
[2024-03-18 15:30:00,567: INFO/MainProcess] Scheduler: Sending due task update_pnl (update_pnl)
[2024-03-18 15:31:00,557: INFO/MainProcess] Scheduler: Sending due task get_position (get_position)
[2024-03-18 15:31:00,568: INFO/MainProcess] Scheduler: Sending due task update_pnl (update_pnl)
[2024-03-18 15:32:00,557: INFO/MainProcess] Scheduler: Sending due task get_position (get_position)
[2024-03-18 15:32:00,568: INFO/MainProcess] Scheduler: Sending due task update_pnl (update_pnl)
[2024-03-18 15:33:00,557: INFO/MainProcess] Scheduler: Sending due task get_position (get_position)
[2024-03-18 15:33:00,568: INFO/MainProcess] Scheduler: Sending due task update_pnl (update_pnl)
[2024-03-18 15:34:00,557: INFO/MainProcess] Scheduler: Sending due task get_position (get_position)
[2024-03-18 15:34:00,563: INFO/MainProcess] Scheduler: Sending due task get_balance (get_balance)
[2024-03-18 15:34:00,568: INFO/MainProcess] Scheduler: Sending due task update_pnl (update_pnl)
[2024-03-18 15:35:00,557: INFO/MainProcess] Scheduler: Sending due task get_position (get_position)
[2024-03-18 15:35:00,568: INFO/MainProcess] Scheduler: Sending due task update_pnl (update_pnl)
[2024-03-18 15:36:00,557: INFO/MainProcess] Scheduler: Sending due task get_position (get_position)
[2024-03-18 15:36:00,568: INFO/MainProcess] Scheduler: Sending due task update_pnl (update_pnl)
[2024-03-18 15:37:00,558: INFO/MainProcess] Scheduler: Sending due task get_position (get_position)
[2024-03-18 15:37:00,568: INFO/MainProcess] Scheduler: Sending due task update_pnl (update_pnl)
[2024-03-18 15:38:00,558: INFO/MainProcess] Scheduler: Sending due task get_position (get_position)
[2024-03-18 15:38:00,568: INFO/MainProcess] Scheduler: Sending due task update_pnl (update_pnl)
[2024-03-18 15:39:00,558: INFO/MainProcess] Scheduler: Sending due task get_position (get_position)
[2024-03-18 15:39:00,563: INFO/MainProcess] Scheduler: Sending due task get_balance (get_balance)
[2024-03-18 15:39:00,568: INFO/MainProcess] Scheduler: Sending due task update_pnl (update_pnl)
[2024-03-18 15:40:00,558: INFO/MainProcess] Scheduler: Sending due task get_position (get_position)
[2024-03-18 15:40:00,568: INFO/MainProcess] Scheduler: Sending due task update_pnl (update_pnl)
[2024-03-18 15:41:00,558: INFO/MainProcess] Scheduler: Sending due task get_position (get_position)
[2024-03-18 15:41:00,568: INFO/MainProcess] Scheduler: Sending due task update_pnl (update_pnl)
[2024-03-18 15:42:00,558: INFO/MainProcess] Scheduler: Sending due task get_position (get_position)
[2024-03-18 15:42:00,568: INFO/MainProcess] Scheduler: Sending due task update_pnl (update_pnl)
[2024-03-18 15:43:00,558: INFO/MainProcess] Scheduler: Sending due task get_position (get_position)
[2024-03-18 15:43:00,568: INFO/MainProcess] Scheduler: Sending due task update_pnl (update_pnl)
[2024-03-18 15:44:00,571: INFO/MainProcess] Scheduler: Sending due task get_position (get_position)
[2024-03-18 15:44:00,574: INFO/MainProcess] Scheduler: Sending due task get_balance (get_balance)
[2024-03-18 15:44:00,575: INFO/MainProcess] Scheduler: Sending due task update_pnl (update_pnl)
[2024-03-18 15:45:00,588: INFO/MainProcess] Scheduler: Sending due task get_position (get_position)
[2024-03-18 15:45:00,591: INFO/MainProcess] Scheduler: Sending due task update_pnl (update_pnl)
[2024-03-18 15:46:00,589: INFO/MainProcess] Scheduler: Sending due task get_position (get_position)
[2024-03-18 15:46:00,591: INFO/MainProcess] Scheduler: Sending due task update_pnl (update_pnl)
[2024-03-18 15:47:00,589: INFO/MainProcess] Scheduler: Sending due task get_position (get_position)
[2024-03-18 15:47:00,591: INFO/MainProcess] Scheduler: Sending due task update_pnl (update_pnl)
[2024-03-18 15:48:00,589: INFO/MainProcess] Scheduler: Sending due task get_position (get_position)
[2024-03-18 15:48:00,591: INFO/MainProcess] Scheduler: Sending due task update_pnl (update_pnl)
[2024-03-18 15:49:00,574: INFO/MainProcess] Scheduler: Sending due task get_balance (get_balance)
[2024-03-18 15:49:00,589: INFO/MainProcess] Scheduler: Sending due task get_position (get_position)
[2024-03-18 15:49:00,591: INFO/MainProcess] Scheduler: Sending due task update_pnl (update_pnl)
[2024-03-18 15:50:00,589: INFO/MainProcess] Scheduler: Sending due task get_position (get_position)
[2024-03-18 15:50:00,591: INFO/MainProcess] Scheduler: Sending due task update_pnl (update_pnl)
[2024-03-18 15:51:00,589: INFO/MainProcess] Scheduler: Sending due task get_position (get_position)
[2024-03-18 15:51:00,591: INFO/MainProcess] Scheduler: Sending due task update_pnl (update_pnl)
[2024-03-18 15:52:00,589: INFO/MainProcess] Scheduler: Sending due task get_position (get_position)
[2024-03-18 15:52:00,591: INFO/MainProcess] Scheduler: Sending due task update_pnl (update_pnl)
[2024-03-18 15:53:00,589: INFO/MainProcess] Scheduler: Sending due task get_position (get_position)
[2024-03-18 15:53:00,591: INFO/MainProcess] Scheduler: Sending due task update_pnl (update_pnl)
[2024-03-18 15:54:00,574: INFO/MainProcess] Scheduler: Sending due task get_balance (get_balance)
[2024-03-18 15:54:00,589: INFO/MainProcess] Scheduler: Sending due task get_position (get_position)
[2024-03-18 15:54:00,591: INFO/MainProcess] Scheduler: Sending due task update_pnl (update_pnl)
[2024-03-18 15:55:00,589: INFO/MainProcess] Scheduler: Sending due task get_position (get_position)
[2024-03-18 15:55:00,591: INFO/MainProcess] Scheduler: Sending due task update_pnl (update_pnl)
[2024-03-18 15:56:00,589: INFO/MainProcess] Scheduler: Sending due task get_position (get_position)
[2024-03-18 15:56:00,591: INFO/MainProcess] Scheduler: Sending due task update_pnl (update_pnl)
[2024-03-18 15:57:00,589: INFO/MainProcess] Scheduler: Sending due task get_position (get_position)
[2024-03-18 15:57:00,591: INFO/MainProcess] Scheduler: Sending due task update_pnl (update_pnl)
[2024-03-18 15:58:00,589: INFO/MainProcess] Scheduler: Sending due task get_position (get_position)
[2024-03-18 15:58:00,592: INFO/MainProcess] Scheduler: Sending due task update_pnl (update_pnl)
[2024-03-18 15:59:00,576: INFO/MainProcess] Scheduler: Sending due task get_balance (get_balance)
[2024-03-18 15:59:00,589: INFO/MainProcess] Scheduler: Sending due task get_position (get_position)
[2024-03-18 15:59:00,592: INFO/MainProcess] Scheduler: Sending due task update_pnl (update_pnl)
[2024-03-18 16:00:00,595: INFO/MainProcess] Scheduler: Sending due task get_position (get_position)
[2024-03-18 16:00:00,598: INFO/MainProcess] Scheduler: Sending due task update_pnl (update_pnl)
[2024-03-18 16:01:00,599: INFO/MainProcess] Scheduler: Sending due task get_position (get_position)
[2024-03-18 16:01:00,603: INFO/MainProcess] Scheduler: Sending due task update_pnl (update_pnl)
[2024-03-18 16:02:00,599: INFO/MainProcess] Scheduler: Sending due task get_position (get_position)
[2024-03-18 16:02:00,603: INFO/MainProcess] Scheduler: Sending due task update_pnl (update_pnl)
[2024-03-18 16:03:00,600: INFO/MainProcess] Scheduler: Sending due task get_position (get_position)
[2024-03-18 16:03:00,603: INFO/MainProcess] Scheduler: Sending due task update_pnl (update_pnl)
[2024-03-18 16:04:00,576: INFO/MainProcess] Scheduler: Sending due task get_balance (get_balance)
[2024-03-18 16:04:00,600: INFO/MainProcess] Scheduler: Sending due task get_position (get_position)
[2024-03-18 16:04:00,603: INFO/MainProcess] Scheduler: Sending due task update_pnl (update_pnl)
[2024-03-18 16:05:00,600: INFO/MainProcess] Scheduler: Sending due task get_position (get_position)
[2024-03-18 16:05:00,603: INFO/MainProcess] Scheduler: Sending due task update_pnl (update_pnl)
[2024-03-18 16:06:00,600: INFO/MainProcess] Scheduler: Sending due task get_position (get_position)
[2024-03-18 16:06:00,603: INFO/MainProcess] Scheduler: Sending due task update_pnl (update_pnl)
[2024-03-18 16:07:00,600: INFO/MainProcess] Scheduler: Sending due task get_position (get_position)
[2024-03-18 16:07:00,603: INFO/MainProcess] Scheduler: Sending due task update_pnl (update_pnl)
[2024-03-18 16:08:00,600: INFO/MainProcess] Scheduler: Sending due task get_position (get_position)
[2024-03-18 16:08:00,603: INFO/MainProcess] Scheduler: Sending due task update_pnl (update_pnl)
[2024-03-18 16:09:00,576: INFO/MainProcess] Scheduler: Sending due task get_balance (get_balance)
[2024-03-18 16:09:00,600: INFO/MainProcess] Scheduler: Sending due task get_position (get_position)
[2024-03-18 16:09:00,603: INFO/MainProcess] Scheduler: Sending due task update_pnl (update_pnl)
[2024-03-18 16:10:00,600: INFO/MainProcess] Scheduler: Sending due task get_position (get_position)
[2024-03-18 16:10:00,603: INFO/MainProcess] Scheduler: Sending due task update_pnl (update_pnl)
[2024-03-18 16:11:00,600: INFO/MainProcess] Scheduler: Sending due task get_position (get_position)
[2024-03-18 16:11:00,603: INFO/MainProcess] Scheduler: Sending due task update_pnl (update_pnl)
[2024-03-18 16:12:00,600: INFO/MainProcess] Scheduler: Sending due task get_position (get_position)
[2024-03-18 16:12:00,603: INFO/MainProcess] Scheduler: Sending due task update_pnl (update_pnl)
[2024-03-18 16:13:00,600: INFO/MainProcess] Scheduler: Sending due task get_position (get_position)
[2024-03-18 16:13:00,603: INFO/MainProcess] Scheduler: Sending due task update_pnl (update_pnl)
[2024-03-18 16:14:00,576: INFO/MainProcess] Scheduler: Sending due task get_balance (get_balance)
[2024-03-18 16:14:00,600: INFO/MainProcess] Scheduler: Sending due task get_position (get_position)
[2024-03-18 16:14:00,603: INFO/MainProcess] Scheduler: Sending due task update_pnl (update_pnl)
[2024-03-18 16:15:00,600: INFO/MainProcess] Scheduler: Sending due task get_position (get_position)
[2024-03-18 16:15:00,604: INFO/MainProcess] Scheduler: Sending due task update_pnl (update_pnl)
[2024-03-18 16:16:00,628: INFO/MainProcess] Scheduler: Sending due task get_position (get_position)
[2024-03-18 16:16:00,631: INFO/MainProcess] Scheduler: Sending due task update_pnl (update_pnl)
[2024-03-18 16:17:00,628: INFO/MainProcess] Scheduler: Sending due task get_position (get_position)
[2024-03-18 16:17:00,631: INFO/MainProcess] Scheduler: Sending due task update_pnl (update_pnl)
[2024-03-18 16:18:00,629: INFO/MainProcess] Scheduler: Sending due task get_position (get_position)
[2024-03-18 16:18:00,631: INFO/MainProcess] Scheduler: Sending due task update_pnl (update_pnl)
[2024-03-18 16:19:00,576: INFO/MainProcess] Scheduler: Sending due task get_balance (get_balance)
[2024-03-18 16:19:00,629: INFO/MainProcess] Scheduler: Sending due task get_position (get_position)
[2024-03-18 16:19:00,631: INFO/MainProcess] Scheduler: Sending due task update_pnl (update_pnl)
[2024-03-18 16:20:00,629: INFO/MainProcess] Scheduler: Sending due task get_position (get_position)
[2024-03-18 16:20:00,631: INFO/MainProcess] Scheduler: Sending due task update_pnl (update_pnl)
[2024-03-18 16:21:00,629: INFO/MainProcess] Scheduler: Sending due task get_position (get_position)
[2024-03-18 16:21:00,631: INFO/MainProcess] Scheduler: Sending due task update_pnl (update_pnl)
[2024-03-18 16:22:00,629: INFO/MainProcess] Scheduler: Sending due task get_position (get_position)
[2024-03-18 16:22:00,631: INFO/MainProcess] Scheduler: Sending due task update_pnl (update_pnl)
[2024-03-18 16:23:00,629: INFO/MainProcess] Scheduler: Sending due task get_position (get_position)
[2024-03-18 16:23:00,631: INFO/MainProcess] Scheduler: Sending due task update_pnl (update_pnl)
[2024-03-18 16:24:00,576: INFO/MainProcess] Scheduler: Sending due task get_balance (get_balance)
[2024-03-18 16:24:00,629: INFO/MainProcess] Scheduler: Sending due task get_position (get_position)
[2024-03-18 16:24:00,631: INFO/MainProcess] Scheduler: Sending due task update_pnl (update_pnl)
[2024-03-18 16:25:00,629: INFO/MainProcess] Scheduler: Sending due task get_position (get_position)
[2024-03-18 16:25:00,632: INFO/MainProcess] Scheduler: Sending due task update_pnl (update_pnl)
[2024-03-18 16:26:00,629: INFO/MainProcess] Scheduler: Sending due task get_position (get_position)
[2024-03-18 16:26:00,632: INFO/MainProcess] Scheduler: Sending due task update_pnl (update_pnl)
[2024-03-18 16:27:00,630: INFO/MainProcess] Scheduler: Sending due task get_position (get_position)
[2024-03-18 16:27:00,633: INFO/MainProcess] Scheduler: Sending due task update_pnl (update_pnl)
[2024-03-18 16:28:00,630: INFO/MainProcess] Scheduler: Sending due task get_position (get_position)
[2024-03-18 16:28:00,633: INFO/MainProcess] Scheduler: Sending due task update_pnl (update_pnl)
[2024-03-18 16:29:00,576: INFO/MainProcess] Scheduler: Sending due task get_balance (get_balance)
[2024-03-18 16:29:00,630: INFO/MainProcess] Scheduler: Sending due task get_position (get_position)
[2024-03-18 16:29:00,633: INFO/MainProcess] Scheduler: Sending due task update_pnl (update_pnl)
[2024-03-18 16:30:00,630: INFO/MainProcess] Scheduler: Sending due task get_position (get_position)
[2024-03-18 16:30:00,633: INFO/MainProcess] Scheduler: Sending due task update_pnl (update_pnl)
[2024-03-18 16:31:00,651: INFO/MainProcess] Scheduler: Sending due task get_position (get_position)
[2024-03-18 16:31:00,654: INFO/MainProcess] Scheduler: Sending due task update_pnl (update_pnl)
[2024-03-18 16:32:00,654: INFO/MainProcess] Scheduler: Sending due task get_position (get_position)
[2024-03-18 16:32:00,656: INFO/MainProcess] Scheduler: Sending due task update_pnl (update_pnl)
[2024-03-18 16:33:00,654: INFO/MainProcess] Scheduler: Sending due task get_position (get_position)
[2024-03-18 16:33:00,656: INFO/MainProcess] Scheduler: Sending due task update_pnl (update_pnl)
[2024-03-18 16:34:00,576: INFO/MainProcess] Scheduler: Sending due task get_balance (get_balance)
[2024-03-18 16:34:00,654: INFO/MainProcess] Scheduler: Sending due task get_position (get_position)
[2024-03-18 16:34:00,656: INFO/MainProcess] Scheduler: Sending due task update_pnl (update_pnl)
[2024-03-18 16:35:00,654: INFO/MainProcess] Scheduler: Sending due task get_position (get_position)
[2024-03-18 16:35:00,656: INFO/MainProcess] Scheduler: Sending due task update_pnl (update_pnl)
[2024-03-18 16:36:00,654: INFO/MainProcess] Scheduler: Sending due task get_position (get_position)
[2024-03-18 16:36:00,656: INFO/MainProcess] Scheduler: Sending due task update_pnl (update_pnl)
[2024-03-18 16:37:00,654: INFO/MainProcess] Scheduler: Sending due task get_position (get_position)
[2024-03-18 16:37:00,657: INFO/MainProcess] Scheduler: Sending due task update_pnl (update_pnl)
[2024-03-18 16:38:00,654: INFO/MainProcess] Scheduler: Sending due task get_position (get_position)
[2024-03-18 16:38:00,657: INFO/MainProcess] Scheduler: Sending due task update_pnl (update_pnl)
[2024-03-18 16:39:00,576: INFO/MainProcess] Scheduler: Sending due task get_balance (get_balance)
[2024-03-18 16:39:00,654: INFO/MainProcess] Scheduler: Sending due task get_position (get_position)
[2024-03-18 16:39:00,657: INFO/MainProcess] Scheduler: Sending due task update_pnl (update_pnl)
[2024-03-18 16:40:00,654: INFO/MainProcess] Scheduler: Sending due task get_position (get_position)
[2024-03-18 16:40:00,657: INFO/MainProcess] Scheduler: Sending due task update_pnl (update_pnl)
[2024-03-18 16:41:00,655: INFO/MainProcess] Scheduler: Sending due task get_position (get_position)
[2024-03-18 16:41:00,657: INFO/MainProcess] Scheduler: Sending due task update_pnl (update_pnl)
[2024-03-18 16:42:00,655: INFO/MainProcess] Scheduler: Sending due task get_position (get_position)
[2024-03-18 16:42:00,657: INFO/MainProcess] Scheduler: Sending due task update_pnl (update_pnl)
[2024-03-18 16:43:00,655: INFO/MainProcess] Scheduler: Sending due task get_position (get_position)
[2024-03-18 16:43:00,657: INFO/MainProcess] Scheduler: Sending due task update_pnl (update_pnl)
[2024-03-18 16:44:00,576: INFO/MainProcess] Scheduler: Sending due task get_balance (get_balance)
[2024-03-18 16:44:00,655: INFO/MainProcess] Scheduler: Sending due task get_position (get_position)
[2024-03-18 16:44:00,657: INFO/MainProcess] Scheduler: Sending due task update_pnl (update_pnl)
[2024-03-18 16:45:00,655: INFO/MainProcess] Scheduler: Sending due task get_position (get_position)
[2024-03-18 16:45:00,661: INFO/MainProcess] Scheduler: Sending due task update_pnl (update_pnl)
[2024-03-18 16:46:00,657: INFO/MainProcess] Scheduler: Sending due task get_position (get_position)
[2024-03-18 16:46:00,662: INFO/MainProcess] Scheduler: Sending due task update_pnl (update_pnl)
[2024-03-18 16:47:00,664: INFO/MainProcess] Scheduler: Sending due task get_position (get_position)
[2024-03-18 16:47:00,666: INFO/MainProcess] Scheduler: Sending due task update_pnl (update_pnl)
[2024-03-18 16:48:00,664: INFO/MainProcess] Scheduler: Sending due task get_position (get_position)
[2024-03-18 16:48:00,666: INFO/MainProcess] Scheduler: Sending due task update_pnl (update_pnl)
[2024-03-18 16:49:00,576: INFO/MainProcess] Scheduler: Sending due task get_balance (get_balance)
[2024-03-18 16:49:00,664: INFO/MainProcess] Scheduler: Sending due task get_position (get_position)
[2024-03-18 16:49:00,666: INFO/MainProcess] Scheduler: Sending due task update_pnl (update_pnl)
[2024-03-18 16:50:00,664: INFO/MainProcess] Scheduler: Sending due task get_position (get_position)
[2024-03-18 16:50:00,666: INFO/MainProcess] Scheduler: Sending due task update_pnl (update_pnl)
[2024-03-18 16:51:00,666: INFO/MainProcess] Scheduler: Sending due task get_position (get_position)
[2024-03-18 16:51:00,668: INFO/MainProcess] Scheduler: Sending due task update_pnl (update_pnl)
[2024-03-18 16:52:00,666: INFO/MainProcess] Scheduler: Sending due task get_position (get_position)
[2024-03-18 16:52:00,668: INFO/MainProcess] Scheduler: Sending due task update_pnl (update_pnl)
[2024-03-18 16:53:00,666: INFO/MainProcess] Scheduler: Sending due task get_position (get_position)
[2024-03-18 16:53:00,668: INFO/MainProcess] Scheduler: Sending due task update_pnl (update_pnl)
[2024-03-18 16:54:00,576: INFO/MainProcess] Scheduler: Sending due task get_balance (get_balance)
[2024-03-18 16:54:00,666: INFO/MainProcess] Scheduler: Sending due task get_position (get_position)
[2024-03-18 16:54:00,668: INFO/MainProcess] Scheduler: Sending due task update_pnl (update_pnl)
[2024-03-18 16:55:00,666: INFO/MainProcess] Scheduler: Sending due task get_position (get_position)
[2024-03-18 16:55:00,668: INFO/MainProcess] Scheduler: Sending due task update_pnl (update_pnl)
[2024-03-18 16:56:00,668: INFO/MainProcess] Scheduler: Sending due task get_position (get_position)
[2024-03-18 16:56:00,670: INFO/MainProcess] Scheduler: Sending due task update_pnl (update_pnl)
[2024-03-18 16:57:00,668: INFO/MainProcess] Scheduler: Sending due task get_position (get_position)
[2024-03-18 16:57:00,670: INFO/MainProcess] Scheduler: Sending due task update_pnl (update_pnl)
[2024-03-18 16:58:00,668: INFO/MainProcess] Scheduler: Sending due task get_position (get_position)
[2024-03-18 16:58:00,670: INFO/MainProcess] Scheduler: Sending due task update_pnl (update_pnl)
[2024-03-18 16:59:00,577: INFO/MainProcess] Scheduler: Sending due task get_balance (get_balance)
[2024-03-18 16:59:00,668: INFO/MainProcess] Scheduler: Sending due task get_position (get_position)
[2024-03-18 16:59:00,670: INFO/MainProcess] Scheduler: Sending due task update_pnl (update_pnl)
[2024-03-18 17:00:00,668: INFO/MainProcess] Scheduler: Sending due task get_position (get_position)
[2024-03-18 17:00:00,670: INFO/MainProcess] Scheduler: Sending due task update_pnl (update_pnl)
[2024-03-18 17:01:00,672: INFO/MainProcess] Scheduler: Sending due task get_position (get_position)
[2024-03-18 17:01:00,673: INFO/MainProcess] Scheduler: Sending due task update_pnl (update_pnl)
[2024-03-18 17:02:00,672: INFO/MainProcess] Scheduler: Sending due task get_position (get_position)
[2024-03-18 17:02:00,674: INFO/MainProcess] Scheduler: Sending due task update_pnl (update_pnl)
[2024-03-18 17:03:00,672: INFO/MainProcess] Scheduler: Sending due task get_position (get_position)
[2024-03-18 17:03:00,674: INFO/MainProcess] Scheduler: Sending due task update_pnl (update_pnl)
[2024-03-18 17:04:00,577: INFO/MainProcess] Scheduler: Sending due task get_balance (get_balance)
[2024-03-18 17:04:00,672: INFO/MainProcess] Scheduler: Sending due task get_position (get_position)
[2024-03-18 17:04:00,674: INFO/MainProcess] Scheduler: Sending due task update_pnl (update_pnl)
[2024-03-18 17:05:00,672: INFO/MainProcess] Scheduler: Sending due task get_position (get_position)
[2024-03-18 17:05:00,674: INFO/MainProcess] Scheduler: Sending due task update_pnl (update_pnl)
[2024-03-18 17:06:00,672: INFO/MainProcess] Scheduler: Sending due task get_position (get_position)
[2024-03-18 17:06:00,674: INFO/MainProcess] Scheduler: Sending due task update_pnl (update_pnl)
[2024-03-18 17:07:00,672: INFO/MainProcess] Scheduler: Sending due task get_position (get_position)
[2024-03-18 17:07:00,674: INFO/MainProcess] Scheduler: Sending due task update_pnl (update_pnl)
[2024-03-18 17:08:00,672: INFO/MainProcess] Scheduler: Sending due task get_position (get_position)
[2024-03-18 17:08:00,674: INFO/MainProcess] Scheduler: Sending due task update_pnl (update_pnl)
[2024-03-18 17:09:00,577: INFO/MainProcess] Scheduler: Sending due task get_balance (get_balance)
[2024-03-18 17:09:00,672: INFO/MainProcess] Scheduler: Sending due task get_position (get_position)
[2024-03-18 17:09:00,674: INFO/MainProcess] Scheduler: Sending due task update_pnl (update_pnl)
[2024-03-18 17:10:00,675: INFO/MainProcess] Scheduler: Sending due task get_position (get_position)
[2024-03-18 17:10:00,676: INFO/MainProcess] Scheduler: Sending due task update_pnl (update_pnl)
[2024-03-18 17:11:00,675: INFO/MainProcess] Scheduler: Sending due task get_position (get_position)
[2024-03-18 17:11:00,677: INFO/MainProcess] Scheduler: Sending due task update_pnl (update_pnl)
[2024-03-18 17:12:00,675: INFO/MainProcess] Scheduler: Sending due task get_position (get_position)
[2024-03-18 17:12:00,677: INFO/MainProcess] Scheduler: Sending due task update_pnl (update_pnl)
[2024-03-18 17:13:00,675: INFO/MainProcess] Scheduler: Sending due task get_position (get_position)
[2024-03-18 17:13:00,677: INFO/MainProcess] Scheduler: Sending due task update_pnl (update_pnl)
[2024-03-18 17:14:00,577: INFO/MainProcess] Scheduler: Sending due task get_balance (get_balance)
[2024-03-18 17:14:00,675: INFO/MainProcess] Scheduler: Sending due task get_position (get_position)
[2024-03-18 17:14:00,677: INFO/MainProcess] Scheduler: Sending due task update_pnl (update_pnl)
[2024-03-18 17:15:00,677: INFO/MainProcess] Scheduler: Sending due task get_position (get_position)
[2024-03-18 17:15:00,679: INFO/MainProcess] Scheduler: Sending due task update_pnl (update_pnl)
[2024-03-18 17:16:00,678: INFO/MainProcess] Scheduler: Sending due task get_position (get_position)
[2024-03-18 17:16:00,680: INFO/MainProcess] Scheduler: Sending due task update_pnl (update_pnl)
[2024-03-18 17:17:00,679: INFO/MainProcess] Scheduler: Sending due task get_position (get_position)
[2024-03-18 17:17:00,681: INFO/MainProcess] Scheduler: Sending due task update_pnl (update_pnl)
[2024-03-18 17:18:00,698: INFO/MainProcess] Scheduler: Sending due task get_position (get_position)
[2024-03-18 17:18:00,699: INFO/MainProcess] Scheduler: Sending due task update_pnl (update_pnl)
[2024-03-18 17:19:00,588: INFO/MainProcess] Scheduler: Sending due task get_balance (get_balance)
[2024-03-18 17:19:00,698: INFO/MainProcess] Scheduler: Sending due task get_position (get_position)
[2024-03-18 17:19:00,703: INFO/MainProcess] Scheduler: Sending due task update_pnl (update_pnl)
[2024-03-18 17:20:00,698: INFO/MainProcess] Scheduler: Sending due task get_position (get_position)
[2024-03-18 17:20:00,703: INFO/MainProcess] Scheduler: Sending due task update_pnl (update_pnl)
[2024-03-18 17:21:00,698: INFO/MainProcess] Scheduler: Sending due task get_position (get_position)
[2024-03-18 17:21:00,703: INFO/MainProcess] Scheduler: Sending due task update_pnl (update_pnl)
[2024-03-18 17:22:00,698: INFO/MainProcess] Scheduler: Sending due task get_position (get_position)
[2024-03-18 17:22:00,703: INFO/MainProcess] Scheduler: Sending due task update_pnl (update_pnl)
[2024-03-18 17:23:00,698: INFO/MainProcess] Scheduler: Sending due task get_position (get_position)
[2024-03-18 17:23:00,703: INFO/MainProcess] Scheduler: Sending due task update_pnl (update_pnl)
[2024-03-18 17:24:00,592: INFO/MainProcess] Scheduler: Sending due task get_balance (get_balance)
[2024-03-18 17:24:00,698: INFO/MainProcess] Scheduler: Sending due task get_position (get_position)
[2024-03-18 17:24:00,703: INFO/MainProcess] Scheduler: Sending due task update_pnl (update_pnl)
[2024-03-18 17:25:00,698: INFO/MainProcess] Scheduler: Sending due task get_position (get_position)
[2024-03-18 17:25:00,704: INFO/MainProcess] Scheduler: Sending due task update_pnl (update_pnl)
[2024-03-18 17:26:00,699: INFO/MainProcess] Scheduler: Sending due task get_position (get_position)
[2024-03-18 17:26:00,704: INFO/MainProcess] Scheduler: Sending due task update_pnl (update_pnl)
[2024-03-18 17:27:00,699: INFO/MainProcess] Scheduler: Sending due task get_position (get_position)
[2024-03-18 17:27:00,704: INFO/MainProcess] Scheduler: Sending due task update_pnl (update_pnl)
[2024-03-18 17:28:00,699: INFO/MainProcess] Scheduler: Sending due task get_position (get_position)
[2024-03-18 17:28:00,704: INFO/MainProcess] Scheduler: Sending due task update_pnl (update_pnl)
[2024-03-18 17:29:00,592: INFO/MainProcess] Scheduler: Sending due task get_balance (get_balance)
[2024-03-18 17:29:00,699: INFO/MainProcess] Scheduler: Sending due task get_position (get_position)
[2024-03-18 17:29:00,704: INFO/MainProcess] Scheduler: Sending due task update_pnl (update_pnl)
[2024-03-18 17:30:00,699: INFO/MainProcess] Scheduler: Sending due task get_position (get_position)
[2024-03-18 17:30:00,704: INFO/MainProcess] Scheduler: Sending due task update_pnl (update_pnl)
[2024-03-18 17:31:00,699: INFO/MainProcess] Scheduler: Sending due task get_position (get_position)
[2024-03-18 17:31:00,704: INFO/MainProcess] Scheduler: Sending due task update_pnl (update_pnl)
[2024-03-18 17:32:00,700: INFO/MainProcess] Scheduler: Sending due task get_position (get_position)
[2024-03-18 17:32:00,704: INFO/MainProcess] Scheduler: Sending due task update_pnl (update_pnl)
[2024-03-18 17:33:00,700: INFO/MainProcess] Scheduler: Sending due task get_position (get_position)
[2024-03-18 17:33:00,704: INFO/MainProcess] Scheduler: Sending due task update_pnl (update_pnl)
[2024-03-18 17:34:00,602: INFO/MainProcess] Scheduler: Sending due task get_balance (get_balance)
[2024-03-18 17:34:00,700: INFO/MainProcess] Scheduler: Sending due task get_position (get_position)
[2024-03-18 17:34:00,704: INFO/MainProcess] Scheduler: Sending due task update_pnl (update_pnl)
[2024-03-18 17:35:00,700: INFO/MainProcess] Scheduler: Sending due task get_position (get_position)
[2024-03-18 17:35:00,704: INFO/MainProcess] Scheduler: Sending due task update_pnl (update_pnl)
[2024-03-18 17:36:00,700: INFO/MainProcess] Scheduler: Sending due task get_position (get_position)
[2024-03-18 17:36:00,704: INFO/MainProcess] Scheduler: Sending due task update_pnl (update_pnl)
[2024-03-18 17:37:00,700: INFO/MainProcess] Scheduler: Sending due task get_position (get_position)
[2024-03-18 17:37:00,704: INFO/MainProcess] Scheduler: Sending due task update_pnl (update_pnl)
[2024-03-18 17:38:00,700: INFO/MainProcess] Scheduler: Sending due task get_position (get_position)
[2024-03-18 17:38:00,704: INFO/MainProcess] Scheduler: Sending due task update_pnl (update_pnl)
[2024-03-18 17:39:00,602: INFO/MainProcess] Scheduler: Sending due task get_balance (get_balance)
[2024-03-18 17:39:00,700: INFO/MainProcess] Scheduler: Sending due task get_position (get_position)
[2024-03-18 17:39:00,704: INFO/MainProcess] Scheduler: Sending due task update_pnl (update_pnl)
[2024-03-18 17:40:00,700: INFO/MainProcess] Scheduler: Sending due task get_position (get_position)
[2024-03-18 17:40:00,704: INFO/MainProcess] Scheduler: Sending due task update_pnl (update_pnl)
[2024-03-18 17:41:00,701: INFO/MainProcess] Scheduler: Sending due task get_position (get_position)
[2024-03-18 17:41:00,704: INFO/MainProcess] Scheduler: Sending due task update_pnl (update_pnl)
[2024-03-18 17:42:00,701: INFO/MainProcess] Scheduler: Sending due task get_position (get_position)
[2024-03-18 17:42:00,704: INFO/MainProcess] Scheduler: Sending due task update_pnl (update_pnl)
[2024-03-18 17:43:00,702: INFO/MainProcess] Scheduler: Sending due task get_position (get_position)
[2024-03-18 17:43:00,704: INFO/MainProcess] Scheduler: Sending due task update_pnl (update_pnl)
[2024-03-18 17:44:00,603: INFO/MainProcess] Scheduler: Sending due task get_balance (get_balance)
[2024-03-18 17:44:00,702: INFO/MainProcess] Scheduler: Sending due task get_position (get_position)
[2024-03-18 17:44:00,704: INFO/MainProcess] Scheduler: Sending due task update_pnl (update_pnl)
[2024-03-18 17:45:00,702: INFO/MainProcess] Scheduler: Sending due task get_position (get_position)
[2024-03-18 17:45:00,705: INFO/MainProcess] Scheduler: Sending due task update_pnl (update_pnl)
[2024-03-18 17:46:00,704: INFO/MainProcess] Scheduler: Sending due task get_position (get_position)
[2024-03-18 17:46:00,706: INFO/MainProcess] Scheduler: Sending due task update_pnl (update_pnl)
[2024-03-18 17:47:00,704: INFO/MainProcess] Scheduler: Sending due task get_position (get_position)
[2024-03-18 17:47:00,707: INFO/MainProcess] Scheduler: Sending due task update_pnl (update_pnl)
[2024-03-18 17:48:00,707: INFO/MainProcess] Scheduler: Sending due task get_position (get_position)
[2024-03-18 17:48:00,711: INFO/MainProcess] Scheduler: Sending due task update_pnl (update_pnl)
[2024-03-18 17:49:00,607: INFO/MainProcess] Scheduler: Sending due task get_balance (get_balance)
[2024-03-18 17:49:00,707: INFO/MainProcess] Scheduler: Sending due task get_position (get_position)
[2024-03-18 17:49:00,711: INFO/MainProcess] Scheduler: Sending due task update_pnl (update_pnl)
[2024-03-18 17:50:00,707: INFO/MainProcess] Scheduler: Sending due task get_position (get_position)
[2024-03-18 17:50:00,711: INFO/MainProcess] Scheduler: Sending due task update_pnl (update_pnl)
[2024-03-18 17:51:00,708: INFO/MainProcess] Scheduler: Sending due task get_position (get_position)
[2024-03-18 17:51:00,711: INFO/MainProcess] Scheduler: Sending due task update_pnl (update_pnl)
[2024-03-18 17:52:00,708: INFO/MainProcess] Scheduler: Sending due task get_position (get_position)
[2024-03-18 17:52:00,711: INFO/MainProcess] Scheduler: Sending due task update_pnl (update_pnl)
[2024-03-18 17:53:00,708: INFO/MainProcess] Scheduler: Sending due task get_position (get_position)
[2024-03-18 17:53:00,711: INFO/MainProcess] Scheduler: Sending due task update_pnl (update_pnl)
[2024-03-18 17:54:00,607: INFO/MainProcess] Scheduler: Sending due task get_balance (get_balance)
[2024-03-18 17:54:00,708: INFO/MainProcess] Scheduler: Sending due task get_position (get_position)
[2024-03-18 17:54:00,711: INFO/MainProcess] Scheduler: Sending due task update_pnl (update_pnl)
[2024-03-18 17:55:00,708: INFO/MainProcess] Scheduler: Sending due task get_position (get_position)
[2024-03-18 17:55:00,711: INFO/MainProcess] Scheduler: Sending due task update_pnl (update_pnl)
[2024-03-18 17:56:00,708: INFO/MainProcess] Scheduler: Sending due task get_position (get_position)
[2024-03-18 17:56:00,711: INFO/MainProcess] Scheduler: Sending due task update_pnl (update_pnl)
[2024-03-18 17:57:00,711: INFO/MainProcess] Scheduler: Sending due task get_position (get_position)
[2024-03-18 17:57:00,714: INFO/MainProcess] Scheduler: Sending due task update_pnl (update_pnl)
[2024-03-18 17:58:00,711: INFO/MainProcess] Scheduler: Sending due task get_position (get_position)
[2024-03-18 17:58:00,714: INFO/MainProcess] Scheduler: Sending due task update_pnl (update_pnl)
[2024-03-18 17:59:00,607: INFO/MainProcess] Scheduler: Sending due task get_balance (get_balance)
[2024-03-18 17:59:00,711: INFO/MainProcess] Scheduler: Sending due task get_position (get_position)
[2024-03-18 17:59:00,714: INFO/MainProcess] Scheduler: Sending due task update_pnl (update_pnl)
[2024-03-18 18:00:00,711: INFO/MainProcess] Scheduler: Sending due task get_position (get_position)
[2024-03-18 18:00:00,715: INFO/MainProcess] Scheduler: Sending due task update_pnl (update_pnl)
[2024-03-18 18:01:00,712: INFO/MainProcess] Scheduler: Sending due task get_position (get_position)
[2024-03-18 18:01:00,715: INFO/MainProcess] Scheduler: Sending due task update_pnl (update_pnl)
[2024-03-18 18:02:00,712: INFO/MainProcess] Scheduler: Sending due task get_position (get_position)
[2024-03-18 18:02:00,715: INFO/MainProcess] Scheduler: Sending due task update_pnl (update_pnl)
[2024-03-18 18:03:00,712: INFO/MainProcess] Scheduler: Sending due task get_position (get_position)
[2024-03-18 18:03:00,715: INFO/MainProcess] Scheduler: Sending due task update_pnl (update_pnl)
[2024-03-18 18:04:00,609: INFO/MainProcess] Scheduler: Sending due task get_balance (get_balance)
[2024-03-18 18:04:00,713: INFO/MainProcess] Scheduler: Sending due task get_position (get_position)
[2024-03-18 18:04:00,715: INFO/MainProcess] Scheduler: Sending due task update_pnl (update_pnl)
[2024-03-18 18:05:00,713: INFO/MainProcess] Scheduler: Sending due task get_position (get_position)
[2024-03-18 18:05:00,715: INFO/MainProcess] Scheduler: Sending due task update_pnl (update_pnl)
[2024-03-18 18:06:00,713: INFO/MainProcess] Scheduler: Sending due task get_position (get_position)
[2024-03-18 18:06:00,715: INFO/MainProcess] Scheduler: Sending due task update_pnl (update_pnl)
[2024-03-18 18:07:00,714: INFO/MainProcess] Scheduler: Sending due task get_position (get_position)
[2024-03-18 18:07:00,717: INFO/MainProcess] Scheduler: Sending due task update_pnl (update_pnl)
[2024-03-18 18:08:00,714: INFO/MainProcess] Scheduler: Sending due task get_position (get_position)
[2024-03-18 18:08:00,717: INFO/MainProcess] Scheduler: Sending due task update_pnl (update_pnl)
[2024-03-18 18:09:00,609: INFO/MainProcess] Scheduler: Sending due task get_balance (get_balance)
[2024-03-18 18:09:00,714: INFO/MainProcess] Scheduler: Sending due task get_position (get_position)
[2024-03-18 18:09:00,717: INFO/MainProcess] Scheduler: Sending due task update_pnl (update_pnl)
[2024-03-18 18:10:00,714: INFO/MainProcess] Scheduler: Sending due task get_position (get_position)
[2024-03-18 18:10:00,718: INFO/MainProcess] Scheduler: Sending due task update_pnl (update_pnl)
[2024-03-18 18:11:00,714: INFO/MainProcess] Scheduler: Sending due task get_position (get_position)
[2024-03-18 18:11:00,718: INFO/MainProcess] Scheduler: Sending due task update_pnl (update_pnl)
[2024-03-18 18:12:00,714: INFO/MainProcess] Scheduler: Sending due task get_position (get_position)
[2024-03-18 18:12:00,718: INFO/MainProcess] Scheduler: Sending due task update_pnl (update_pnl)
[2024-03-18 18:13:00,714: INFO/MainProcess] Scheduler: Sending due task get_position (get_position)
[2024-03-18 18:13:00,718: INFO/MainProcess] Scheduler: Sending due task update_pnl (update_pnl)
[2024-03-18 18:14:00,609: INFO/MainProcess] Scheduler: Sending due task get_balance (get_balance)
[2024-03-18 18:14:00,714: INFO/MainProcess] Scheduler: Sending due task get_position (get_position)
[2024-03-18 18:14:00,718: INFO/MainProcess] Scheduler: Sending due task update_pnl (update_pnl)
[2024-03-18 18:15:00,714: INFO/MainProcess] Scheduler: Sending due task get_position (get_position)
[2024-03-18 18:15:00,718: INFO/MainProcess] Scheduler: Sending due task update_pnl (update_pnl)
[2024-03-18 18:16:00,714: INFO/MainProcess] Scheduler: Sending due task get_position (get_position)
[2024-03-18 18:16:00,718: INFO/MainProcess] Scheduler: Sending due task update_pnl (update_pnl)
[2024-03-18 18:17:00,714: INFO/MainProcess] Scheduler: Sending due task get_position (get_position)
[2024-03-18 18:17:00,718: INFO/MainProcess] Scheduler: Sending due task update_pnl (update_pnl)
[2024-03-18 18:18:00,715: INFO/MainProcess] Scheduler: Sending due task get_position (get_position)
[2024-03-18 18:18:00,718: INFO/MainProcess] Scheduler: Sending due task update_pnl (update_pnl)
[2024-03-18 18:19:00,609: INFO/MainProcess] Scheduler: Sending due task get_balance (get_balance)
[2024-03-18 18:19:00,715: INFO/MainProcess] Scheduler: Sending due task get_position (get_position)
[2024-03-18 18:19:00,718: INFO/MainProcess] Scheduler: Sending due task update_pnl (update_pnl)
[2024-03-18 18:20:00,715: INFO/MainProcess] Scheduler: Sending due task get_position (get_position)
[2024-03-18 18:20:00,718: INFO/MainProcess] Scheduler: Sending due task update_pnl (update_pnl)
[2024-03-18 18:21:00,715: INFO/MainProcess] Scheduler: Sending due task get_position (get_position)
[2024-03-18 18:21:00,718: INFO/MainProcess] Scheduler: Sending due task update_pnl (update_pnl)
[2024-03-18 18:22:00,715: INFO/MainProcess] Scheduler: Sending due task get_position (get_position)
[2024-03-18 18:22:00,718: INFO/MainProcess] Scheduler: Sending due task update_pnl (update_pnl)
[2024-03-18 18:23:00,715: INFO/MainProcess] Scheduler: Sending due task get_position (get_position)
[2024-03-18 18:23:00,718: INFO/MainProcess] Scheduler: Sending due task update_pnl (update_pnl)
[2024-03-18 18:24:00,609: INFO/MainProcess] Scheduler: Sending due task get_balance (get_balance)
[2024-03-18 18:24:00,715: INFO/MainProcess] Scheduler: Sending due task get_position (get_position)
[2024-03-18 18:24:00,718: INFO/MainProcess] Scheduler: Sending due task update_pnl (update_pnl)
[2024-03-18 18:25:00,715: INFO/MainProcess] Scheduler: Sending due task get_position (get_position)
[2024-03-18 18:25:00,718: INFO/MainProcess] Scheduler: Sending due task update_pnl (update_pnl)
[2024-03-18 18:26:00,715: INFO/MainProcess] Scheduler: Sending due task get_position (get_position)
[2024-03-18 18:26:00,718: INFO/MainProcess] Scheduler: Sending due task update_pnl (update_pnl)
[2024-03-18 18:27:00,715: INFO/MainProcess] Scheduler: Sending due task get_position (get_position)
[2024-03-18 18:27:00,718: INFO/MainProcess] Scheduler: Sending due task update_pnl (update_pnl)
[2024-03-18 18:28:00,715: INFO/MainProcess] Scheduler: Sending due task get_position (get_position)
[2024-03-18 18:28:00,718: INFO/MainProcess] Scheduler: Sending due task update_pnl (update_pnl)
[2024-03-18 18:29:00,610: INFO/MainProcess] Scheduler: Sending due task get_balance (get_balance)
[2024-03-18 18:29:00,715: INFO/MainProcess] Scheduler: Sending due task get_position (get_position)
[2024-03-18 18:29:00,718: INFO/MainProcess] Scheduler: Sending due task update_pnl (update_pnl)
[2024-03-18 18:30:00,715: INFO/MainProcess] Scheduler: Sending due task get_position (get_position)
[2024-03-18 18:30:00,718: INFO/MainProcess] Scheduler: Sending due task update_pnl (update_pnl)
[2024-03-18 18:31:00,715: INFO/MainProcess] Scheduler: Sending due task get_position (get_position)
[2024-03-18 18:31:00,718: INFO/MainProcess] Scheduler: Sending due task update_pnl (update_pnl)
[2024-03-18 18:32:00,715: INFO/MainProcess] Scheduler: Sending due task get_position (get_position)
[2024-03-18 18:32:00,718: INFO/MainProcess] Scheduler: Sending due task update_pnl (update_pnl)
[2024-03-18 18:33:00,715: INFO/MainProcess] Scheduler: Sending due task get_position (get_position)
[2024-03-18 18:33:00,719: INFO/MainProcess] Scheduler: Sending due task update_pnl (update_pnl)
[2024-03-18 18:34:00,610: INFO/MainProcess] Scheduler: Sending due task get_balance (get_balance)
[2024-03-18 18:34:00,715: INFO/MainProcess] Scheduler: Sending due task get_position (get_position)
[2024-03-18 18:34:00,719: INFO/MainProcess] Scheduler: Sending due task update_pnl (update_pnl)
[2024-03-18 18:35:00,716: INFO/MainProcess] Scheduler: Sending due task get_position (get_position)
[2024-03-18 18:35:00,719: INFO/MainProcess] Scheduler: Sending due task update_pnl (update_pnl)
[2024-03-18 18:36:00,716: INFO/MainProcess] Scheduler: Sending due task get_position (get_position)
[2024-03-18 18:36:00,719: INFO/MainProcess] Scheduler: Sending due task update_pnl (update_pnl)
[2024-03-18 18:37:00,716: INFO/MainProcess] Scheduler: Sending due task get_position (get_position)
[2024-03-18 18:37:00,719: INFO/MainProcess] Scheduler: Sending due task update_pnl (update_pnl)
[2024-03-18 18:38:00,716: INFO/MainProcess] Scheduler: Sending due task get_position (get_position)
[2024-03-18 18:38:00,719: INFO/MainProcess] Scheduler: Sending due task update_pnl (update_pnl)
[2024-03-18 18:39:00,610: INFO/MainProcess] Scheduler: Sending due task get_balance (get_balance)
[2024-03-18 18:39:00,716: INFO/MainProcess] Scheduler: Sending due task get_position (get_position)
[2024-03-18 18:39:00,719: INFO/MainProcess] Scheduler: Sending due task update_pnl (update_pnl)
[2024-03-18 18:40:00,716: INFO/MainProcess] Scheduler: Sending due task get_position (get_position)
[2024-03-18 18:40:00,719: INFO/MainProcess] Scheduler: Sending due task update_pnl (update_pnl)
[2024-03-18 18:41:00,716: INFO/MainProcess] Scheduler: Sending due task get_position (get_position)
[2024-03-18 18:41:00,719: INFO/MainProcess] Scheduler: Sending due task update_pnl (update_pnl)
[2024-03-18 18:42:00,716: INFO/MainProcess] Scheduler: Sending due task get_position (get_position)
[2024-03-18 18:42:00,719: INFO/MainProcess] Scheduler: Sending due task update_pnl (update_pnl)
[2024-03-18 18:43:00,716: INFO/MainProcess] Scheduler: Sending due task get_position (get_position)
[2024-03-18 18:43:00,719: INFO/MainProcess] Scheduler: Sending due task update_pnl (update_pnl)
[2024-03-18 18:44:00,612: INFO/MainProcess] Scheduler: Sending due task get_balance (get_balance)
[2024-03-18 18:44:00,716: INFO/MainProcess] Scheduler: Sending due task get_position (get_position)
[2024-03-18 18:44:00,719: INFO/MainProcess] Scheduler: Sending due task update_pnl (update_pnl)
[2024-03-18 18:45:00,716: INFO/MainProcess] Scheduler: Sending due task get_position (get_position)
[2024-03-18 18:45:00,719: INFO/MainProcess] Scheduler: Sending due task update_pnl (update_pnl)
[2024-03-18 18:46:00,716: INFO/MainProcess] Scheduler: Sending due task get_position (get_position)
[2024-03-18 18:46:00,719: INFO/MainProcess] Scheduler: Sending due task update_pnl (update_pnl)
[2024-03-18 18:47:00,716: INFO/MainProcess] Scheduler: Sending due task get_position (get_position)
[2024-03-18 18:47:00,719: INFO/MainProcess] Scheduler: Sending due task update_pnl (update_pnl)
[2024-03-18 18:48:00,716: INFO/MainProcess] Scheduler: Sending due task get_position (get_position)
[2024-03-18 18:48:00,719: INFO/MainProcess] Scheduler: Sending due task update_pnl (update_pnl)
[2024-03-18 18:49:00,612: INFO/MainProcess] Scheduler: Sending due task get_balance (get_balance)
[2024-03-18 18:49:00,716: INFO/MainProcess] Scheduler: Sending due task get_position (get_position)
[2024-03-18 18:49:00,719: INFO/MainProcess] Scheduler: Sending due task update_pnl (update_pnl)
[2024-03-18 18:50:00,717: INFO/MainProcess] Scheduler: Sending due task get_position (get_position)
[2024-03-18 18:50:00,719: INFO/MainProcess] Scheduler: Sending due task update_pnl (update_pnl)
[2024-03-18 18:51:00,717: INFO/MainProcess] Scheduler: Sending due task get_position (get_position)
[2024-03-18 18:51:00,719: INFO/MainProcess] Scheduler: Sending due task update_pnl (update_pnl)
[2024-03-18 18:52:00,717: INFO/MainProcess] Scheduler: Sending due task get_position (get_position)
[2024-03-18 18:52:00,719: INFO/MainProcess] Scheduler: Sending due task update_pnl (update_pnl)
[2024-03-18 18:53:00,718: INFO/MainProcess] Scheduler: Sending due task get_position (get_position)
[2024-03-18 18:53:00,721: INFO/MainProcess] Scheduler: Sending due task update_pnl (update_pnl)
[2024-03-18 18:54:00,612: INFO/MainProcess] Scheduler: Sending due task get_balance (get_balance)
[2024-03-18 18:54:00,718: INFO/MainProcess] Scheduler: Sending due task get_position (get_position)
[2024-03-18 18:54:00,721: INFO/MainProcess] Scheduler: Sending due task update_pnl (update_pnl)
[2024-03-18 18:55:00,719: INFO/MainProcess] Scheduler: Sending due task get_position (get_position)
[2024-03-18 18:55:00,721: INFO/MainProcess] Scheduler: Sending due task update_pnl (update_pnl)
[2024-03-18 18:56:00,719: INFO/MainProcess] Scheduler: Sending due task get_position (get_position)
[2024-03-18 18:56:00,721: INFO/MainProcess] Scheduler: Sending due task update_pnl (update_pnl)
[2024-03-18 18:57:00,719: INFO/MainProcess] Scheduler: Sending due task get_position (get_position)
[2024-03-18 18:57:00,721: INFO/MainProcess] Scheduler: Sending due task update_pnl (update_pnl)
[2024-03-18 18:58:00,720: INFO/MainProcess] Scheduler: Sending due task get_position (get_position)
[2024-03-18 18:58:00,722: INFO/MainProcess] Scheduler: Sending due task update_pnl (update_pnl)
[2024-03-18 18:59:00,612: INFO/MainProcess] Scheduler: Sending due task get_balance (get_balance)
[2024-03-18 18:59:00,720: INFO/MainProcess] Scheduler: Sending due task get_position (get_position)
[2024-03-18 18:59:00,722: INFO/MainProcess] Scheduler: Sending due task update_pnl (update_pnl)
[2024-03-18 19:00:00,720: INFO/MainProcess] Scheduler: Sending due task get_position (get_position)
[2024-03-18 19:00:00,722: INFO/MainProcess] Scheduler: Sending due task update_pnl (update_pnl)
[2024-03-18 19:01:00,720: INFO/MainProcess] Scheduler: Sending due task get_position (get_position)
[2024-03-18 19:01:00,722: INFO/MainProcess] Scheduler: Sending due task update_pnl (update_pnl)
[2024-03-18 19:02:00,721: INFO/MainProcess] Scheduler: Sending due task get_position (get_position)
[2024-03-18 19:02:00,723: INFO/MainProcess] Scheduler: Sending due task update_pnl (update_pnl)
[2024-03-18 19:03:00,721: INFO/MainProcess] Scheduler: Sending due task get_position (get_position)
[2024-03-18 19:03:00,725: INFO/MainProcess] Scheduler: Sending due task update_pnl (update_pnl)
[2024-03-18 19:04:00,612: INFO/MainProcess] Scheduler: Sending due task get_balance (get_balance)
[2024-03-18 19:04:00,721: INFO/MainProcess] Scheduler: Sending due task get_position (get_position)
[2024-03-18 19:04:00,725: INFO/MainProcess] Scheduler: Sending due task update_pnl (update_pnl)
[2024-03-18 19:05:00,721: INFO/MainProcess] Scheduler: Sending due task get_position (get_position)
[2024-03-18 19:05:00,725: INFO/MainProcess] Scheduler: Sending due task update_pnl (update_pnl)
[2024-03-18 19:06:00,780: INFO/MainProcess] Scheduler: Sending due task get_position (get_position)
[2024-03-18 19:06:00,782: INFO/MainProcess] Scheduler: Sending due task update_pnl (update_pnl)
[2024-03-18 19:07:00,781: INFO/MainProcess] Scheduler: Sending due task get_position (get_position)
[2024-03-18 19:07:00,783: INFO/MainProcess] Scheduler: Sending due task update_pnl (update_pnl)
[2024-03-18 19:08:00,781: INFO/MainProcess] Scheduler: Sending due task get_position (get_position)
[2024-03-18 19:08:00,783: INFO/MainProcess] Scheduler: Sending due task update_pnl (update_pnl)
[2024-03-18 19:09:00,612: INFO/MainProcess] Scheduler: Sending due task get_balance (get_balance)
[2024-03-18 19:09:00,781: INFO/MainProcess] Scheduler: Sending due task get_position (get_position)
[2024-03-18 19:09:00,783: INFO/MainProcess] Scheduler: Sending due task update_pnl (update_pnl)
[2024-03-18 19:10:00,781: INFO/MainProcess] Scheduler: Sending due task get_position (get_position)
[2024-03-18 19:10:00,784: INFO/MainProcess] Scheduler: Sending due task update_pnl (update_pnl)
[2024-03-18 19:11:00,781: INFO/MainProcess] Scheduler: Sending due task get_position (get_position)
[2024-03-18 19:11:00,784: INFO/MainProcess] Scheduler: Sending due task update_pnl (update_pnl)
[2024-03-18 19:12:00,781: INFO/MainProcess] Scheduler: Sending due task get_position (get_position)
[2024-03-18 19:12:00,784: INFO/MainProcess] Scheduler: Sending due task update_pnl (update_pnl)
[2024-03-18 19:13:00,781: INFO/MainProcess] Scheduler: Sending due task get_position (get_position)
[2024-03-18 19:13:00,784: INFO/MainProcess] Scheduler: Sending due task update_pnl (update_pnl)
[2024-03-18 19:14:00,612: INFO/MainProcess] Scheduler: Sending due task get_balance (get_balance)
[2024-03-18 19:14:00,782: INFO/MainProcess] Scheduler: Sending due task get_position (get_position)
[2024-03-18 19:14:00,784: INFO/MainProcess] Scheduler: Sending due task update_pnl (update_pnl)
[2024-03-18 19:15:00,782: INFO/MainProcess] Scheduler: Sending due task get_position (get_position)
[2024-03-18 19:15:00,784: INFO/MainProcess] Scheduler: Sending due task update_pnl (update_pnl)
[2024-03-18 19:16:00,782: INFO/MainProcess] Scheduler: Sending due task get_position (get_position)
[2024-03-18 19:16:00,784: INFO/MainProcess] Scheduler: Sending due task update_pnl (update_pnl)
[2024-03-18 19:17:00,782: INFO/MainProcess] Scheduler: Sending due task get_position (get_position)
[2024-03-18 19:17:00,784: INFO/MainProcess] Scheduler: Sending due task update_pnl (update_pnl)
[2024-03-18 19:18:00,782: INFO/MainProcess] Scheduler: Sending due task get_position (get_position)
[2024-03-18 19:18:00,785: INFO/MainProcess] Scheduler: Sending due task update_pnl (update_pnl)
[2024-03-18 19:19:00,612: INFO/MainProcess] Scheduler: Sending due task get_balance (get_balance)
[2024-03-18 19:19:00,782: INFO/MainProcess] Scheduler: Sending due task get_position (get_position)
[2024-03-18 19:19:00,785: INFO/MainProcess] Scheduler: Sending due task update_pnl (update_pnl)
[2024-03-18 19:20:00,782: INFO/MainProcess] Scheduler: Sending due task get_position (get_position)
[2024-03-18 19:20:00,785: INFO/MainProcess] Scheduler: Sending due task update_pnl (update_pnl)
[2024-03-18 19:21:00,806: INFO/MainProcess] Scheduler: Sending due task get_position (get_position)
[2024-03-18 19:21:00,808: INFO/MainProcess] Scheduler: Sending due task update_pnl (update_pnl)
[2024-03-18 19:22:00,808: INFO/MainProcess] Scheduler: Sending due task get_position (get_position)
[2024-03-18 19:22:00,810: INFO/MainProcess] Scheduler: Sending due task update_pnl (update_pnl)
[2024-03-18 19:23:00,808: INFO/MainProcess] Scheduler: Sending due task get_position (get_position)
[2024-03-18 19:23:00,811: INFO/MainProcess] Scheduler: Sending due task update_pnl (update_pnl)
[2024-03-18 19:24:00,612: INFO/MainProcess] Scheduler: Sending due task get_balance (get_balance)
[2024-03-18 19:24:00,808: INFO/MainProcess] Scheduler: Sending due task get_position (get_position)
[2024-03-18 19:24:00,811: INFO/MainProcess] Scheduler: Sending due task update_pnl (update_pnl)
[2024-03-18 19:25:00,808: INFO/MainProcess] Scheduler: Sending due task get_position (get_position)
[2024-03-18 19:25:00,811: INFO/MainProcess] Scheduler: Sending due task update_pnl (update_pnl)
[2024-03-18 19:26:00,808: INFO/MainProcess] Scheduler: Sending due task get_position (get_position)
[2024-03-18 19:26:00,811: INFO/MainProcess] Scheduler: Sending due task update_pnl (update_pnl)
[2024-03-18 19:27:00,809: INFO/MainProcess] Scheduler: Sending due task get_position (get_position)
[2024-03-18 19:27:00,811: INFO/MainProcess] Scheduler: Sending due task update_pnl (update_pnl)
[2024-03-18 19:28:00,809: INFO/MainProcess] Scheduler: Sending due task get_position (get_position)
[2024-03-18 19:28:00,811: INFO/MainProcess] Scheduler: Sending due task update_pnl (update_pnl)
[2024-03-18 19:29:00,612: INFO/MainProcess] Scheduler: Sending due task get_balance (get_balance)
[2024-03-18 19:29:00,809: INFO/MainProcess] Scheduler: Sending due task get_position (get_position)
[2024-03-18 19:29:00,811: INFO/MainProcess] Scheduler: Sending due task update_pnl (update_pnl)
[2024-03-18 19:30:00,809: INFO/MainProcess] Scheduler: Sending due task get_position (get_position)
[2024-03-18 19:30:00,812: INFO/MainProcess] Scheduler: Sending due task update_pnl (update_pnl)
[2024-03-18 19:31:00,809: INFO/MainProcess] Scheduler: Sending due task get_position (get_position)
[2024-03-18 19:31:00,812: INFO/MainProcess] Scheduler: Sending due task update_pnl (update_pnl)
[2024-03-18 19:32:00,810: INFO/MainProcess] Scheduler: Sending due task get_position (get_position)
[2024-03-18 19:32:00,813: INFO/MainProcess] Scheduler: Sending due task update_pnl (update_pnl)
[2024-03-18 19:33:00,810: INFO/MainProcess] Scheduler: Sending due task get_position (get_position)
[2024-03-18 19:33:00,813: INFO/MainProcess] Scheduler: Sending due task update_pnl (update_pnl)
[2024-03-18 19:34:00,629: INFO/MainProcess] Scheduler: Sending due task get_balance (get_balance)
[2024-03-18 19:34:00,810: INFO/MainProcess] Scheduler: Sending due task get_position (get_position)
[2024-03-18 19:34:00,813: INFO/MainProcess] Scheduler: Sending due task update_pnl (update_pnl)
[2024-03-18 19:35:00,810: INFO/MainProcess] Scheduler: Sending due task get_position (get_position)
[2024-03-18 19:35:00,813: INFO/MainProcess] Scheduler: Sending due task update_pnl (update_pnl)
[2024-03-18 19:36:00,841: INFO/MainProcess] Scheduler: Sending due task get_position (get_position)
[2024-03-18 19:36:00,858: INFO/MainProcess] Scheduler: Sending due task update_pnl (update_pnl)
[2024-03-18 19:37:00,841: INFO/MainProcess] Scheduler: Sending due task get_position (get_position)
[2024-03-18 19:37:00,858: INFO/MainProcess] Scheduler: Sending due task update_pnl (update_pnl)
[2024-03-18 19:38:00,841: INFO/MainProcess] Scheduler: Sending due task get_position (get_position)
[2024-03-18 19:38:00,858: INFO/MainProcess] Scheduler: Sending due task update_pnl (update_pnl)
[2024-03-18 19:39:00,629: INFO/MainProcess] Scheduler: Sending due task get_balance (get_balance)
[2024-03-18 19:39:00,841: INFO/MainProcess] Scheduler: Sending due task get_position (get_position)
[2024-03-18 19:39:00,858: INFO/MainProcess] Scheduler: Sending due task update_pnl (update_pnl)
[2024-03-18 19:40:00,844: INFO/MainProcess] Scheduler: Sending due task get_position (get_position)
[2024-03-18 19:40:00,858: INFO/MainProcess] Scheduler: Sending due task update_pnl (update_pnl)
[2024-03-18 19:41:00,844: INFO/MainProcess] Scheduler: Sending due task get_position (get_position)
[2024-03-18 19:41:00,858: INFO/MainProcess] Scheduler: Sending due task update_pnl (update_pnl)
[2024-03-18 19:42:00,845: INFO/MainProcess] Scheduler: Sending due task get_position (get_position)
[2024-03-18 19:42:00,858: INFO/MainProcess] Scheduler: Sending due task update_pnl (update_pnl)
[2024-03-18 19:43:00,845: INFO/MainProcess] Scheduler: Sending due task get_position (get_position)
[2024-03-18 19:43:00,858: INFO/MainProcess] Scheduler: Sending due task update_pnl (update_pnl)
[2024-03-18 19:44:00,629: INFO/MainProcess] Scheduler: Sending due task get_balance (get_balance)
[2024-03-18 19:44:00,845: INFO/MainProcess] Scheduler: Sending due task get_position (get_position)
[2024-03-18 19:44:00,858: INFO/MainProcess] Scheduler: Sending due task update_pnl (update_pnl)
[2024-03-18 19:45:00,845: INFO/MainProcess] Scheduler: Sending due task get_position (get_position)
[2024-03-18 19:45:00,858: INFO/MainProcess] Scheduler: Sending due task update_pnl (update_pnl)
[2024-03-18 19:46:00,845: INFO/MainProcess] Scheduler: Sending due task get_position (get_position)
[2024-03-18 19:46:00,858: INFO/MainProcess] Scheduler: Sending due task update_pnl (update_pnl)
[2024-03-18 19:47:00,845: INFO/MainProcess] Scheduler: Sending due task get_position (get_position)
[2024-03-18 19:47:00,858: INFO/MainProcess] Scheduler: Sending due task update_pnl (update_pnl)
[2024-03-18 19:48:00,846: INFO/MainProcess] Scheduler: Sending due task get_position (get_position)
[2024-03-18 19:48:00,858: INFO/MainProcess] Scheduler: Sending due task update_pnl (update_pnl)
[2024-03-18 19:49:00,634: INFO/MainProcess] Scheduler: Sending due task get_balance (get_balance)
[2024-03-18 19:49:00,846: INFO/MainProcess] Scheduler: Sending due task get_position (get_position)
[2024-03-18 19:49:00,858: INFO/MainProcess] Scheduler: Sending due task update_pnl (update_pnl)
[2024-03-18 19:50:00,846: INFO/MainProcess] Scheduler: Sending due task get_position (get_position)
[2024-03-18 19:50:00,858: INFO/MainProcess] Scheduler: Sending due task update_pnl (update_pnl)
[2024-03-18 19:51:00,855: INFO/MainProcess] Scheduler: Sending due task get_position (get_position)
[2024-03-18 19:51:00,858: INFO/MainProcess] Scheduler: Sending due task update_pnl (update_pnl)
[2024-03-18 19:52:00,857: INFO/MainProcess] Scheduler: Sending due task get_position (get_position)
[2024-03-18 19:52:00,859: INFO/MainProcess] Scheduler: Sending due task update_pnl (update_pnl)
[2024-03-18 19:53:00,857: INFO/MainProcess] Scheduler: Sending due task get_position (get_position)
[2024-03-18 19:53:00,859: INFO/MainProcess] Scheduler: Sending due task update_pnl (update_pnl)
[2024-03-18 19:54:00,634: INFO/MainProcess] Scheduler: Sending due task get_balance (get_balance)
[2024-03-18 19:54:00,857: INFO/MainProcess] Scheduler: Sending due task get_position (get_position)
[2024-03-18 19:54:00,859: INFO/MainProcess] Scheduler: Sending due task update_pnl (update_pnl)
[2024-03-18 19:55:00,857: INFO/MainProcess] Scheduler: Sending due task get_position (get_position)
[2024-03-18 19:55:00,859: INFO/MainProcess] Scheduler: Sending due task update_pnl (update_pnl)
[2024-03-18 19:56:00,857: INFO/MainProcess] Scheduler: Sending due task get_position (get_position)
[2024-03-18 19:56:00,859: INFO/MainProcess] Scheduler: Sending due task update_pnl (update_pnl)
[2024-03-18 19:57:00,857: INFO/MainProcess] Scheduler: Sending due task get_position (get_position)
[2024-03-18 19:57:00,859: INFO/MainProcess] Scheduler: Sending due task update_pnl (update_pnl)
[2024-03-18 19:58:00,857: INFO/MainProcess] Scheduler: Sending due task get_position (get_position)
[2024-03-18 19:58:00,860: INFO/MainProcess] Scheduler: Sending due task update_pnl (update_pnl)
[2024-03-18 19:59:00,637: INFO/MainProcess] Scheduler: Sending due task get_balance (get_balance)
[2024-03-18 19:59:00,857: INFO/MainProcess] Scheduler: Sending due task get_position (get_position)
[2024-03-18 19:59:00,860: INFO/MainProcess] Scheduler: Sending due task update_pnl (update_pnl)
[2024-03-18 20:00:00,857: INFO/MainProcess] Scheduler: Sending due task get_position (get_position)
[2024-03-18 20:00:00,860: INFO/MainProcess] Scheduler: Sending due task update_pnl (update_pnl)
[2024-03-18 20:01:00,857: INFO/MainProcess] Scheduler: Sending due task get_position (get_position)
[2024-03-18 20:01:00,860: INFO/MainProcess] Scheduler: Sending due task update_pnl (update_pnl)
[2024-03-18 20:02:00,857: INFO/MainProcess] Scheduler: Sending due task get_position (get_position)
[2024-03-18 20:02:00,860: INFO/MainProcess] Scheduler: Sending due task update_pnl (update_pnl)
[2024-03-18 20:03:00,857: INFO/MainProcess] Scheduler: Sending due task get_position (get_position)
[2024-03-18 20:03:00,861: INFO/MainProcess] Scheduler: Sending due task update_pnl (update_pnl)
[2024-03-18 20:04:00,638: INFO/MainProcess] Scheduler: Sending due task get_balance (get_balance)
[2024-03-18 20:04:00,857: INFO/MainProcess] Scheduler: Sending due task get_position (get_position)
[2024-03-18 20:04:00,861: INFO/MainProcess] Scheduler: Sending due task update_pnl (update_pnl)
[2024-03-18 20:05:00,857: INFO/MainProcess] Scheduler: Sending due task get_position (get_position)
[2024-03-18 20:05:00,861: INFO/MainProcess] Scheduler: Sending due task update_pnl (update_pnl)
[2024-03-18 20:06:00,861: INFO/MainProcess] Scheduler: Sending due task get_position (get_position)
[2024-03-18 20:06:00,864: INFO/MainProcess] Scheduler: Sending due task update_pnl (update_pnl)
[2024-03-18 20:07:00,862: INFO/MainProcess] Scheduler: Sending due task get_position (get_position)
[2024-03-18 20:07:00,864: INFO/MainProcess] Scheduler: Sending due task update_pnl (update_pnl)
[2024-03-18 20:08:00,862: INFO/MainProcess] Scheduler: Sending due task get_position (get_position)
[2024-03-18 20:08:00,864: INFO/MainProcess] Scheduler: Sending due task update_pnl (update_pnl)
[2024-03-18 20:09:00,638: INFO/MainProcess] Scheduler: Sending due task get_balance (get_balance)
[2024-03-18 20:09:00,862: INFO/MainProcess] Scheduler: Sending due task get_position (get_position)
[2024-03-18 20:09:00,864: INFO/MainProcess] Scheduler: Sending due task update_pnl (update_pnl)
[2024-03-18 20:10:00,862: INFO/MainProcess] Scheduler: Sending due task get_position (get_position)
[2024-03-18 20:10:00,864: INFO/MainProcess] Scheduler: Sending due task update_pnl (update_pnl)
[2024-03-18 20:11:00,862: INFO/MainProcess] Scheduler: Sending due task get_position (get_position)
[2024-03-18 20:11:00,864: INFO/MainProcess] Scheduler: Sending due task update_pnl (update_pnl)
[2024-03-18 20:12:00,862: INFO/MainProcess] Scheduler: Sending due task get_position (get_position)
[2024-03-18 20:12:00,864: INFO/MainProcess] Scheduler: Sending due task update_pnl (update_pnl)
[2024-03-18 20:13:00,862: INFO/MainProcess] Scheduler: Sending due task get_position (get_position)
[2024-03-18 20:13:00,864: INFO/MainProcess] Scheduler: Sending due task update_pnl (update_pnl)
[2024-03-18 20:14:00,638: INFO/MainProcess] Scheduler: Sending due task get_balance (get_balance)
[2024-03-18 20:14:00,862: INFO/MainProcess] Scheduler: Sending due task get_position (get_position)
[2024-03-18 20:14:00,865: INFO/MainProcess] Scheduler: Sending due task update_pnl (update_pnl)
[2024-03-18 20:15:00,862: INFO/MainProcess] Scheduler: Sending due task get_position (get_position)
[2024-03-18 20:15:00,865: INFO/MainProcess] Scheduler: Sending due task update_pnl (update_pnl)
[2024-03-18 20:16:00,862: INFO/MainProcess] Scheduler: Sending due task get_position (get_position)
[2024-03-18 20:16:00,865: INFO/MainProcess] Scheduler: Sending due task update_pnl (update_pnl)
[2024-03-18 20:17:00,862: INFO/MainProcess] Scheduler: Sending due task get_position (get_position)
[2024-03-18 20:17:00,865: INFO/MainProcess] Scheduler: Sending due task update_pnl (update_pnl)
[2024-03-18 20:18:00,862: INFO/MainProcess] Scheduler: Sending due task get_position (get_position)
[2024-03-18 20:18:00,865: INFO/MainProcess] Scheduler: Sending due task update_pnl (update_pnl)
[2024-03-18 20:19:00,638: INFO/MainProcess] Scheduler: Sending due task get_balance (get_balance)
[2024-03-18 20:19:00,863: INFO/MainProcess] Scheduler: Sending due task get_position (get_position)
[2024-03-18 20:19:00,865: INFO/MainProcess] Scheduler: Sending due task update_pnl (update_pnl)
[2024-03-18 20:20:00,863: INFO/MainProcess] Scheduler: Sending due task get_position (get_position)
[2024-03-18 20:20:00,865: INFO/MainProcess] Scheduler: Sending due task update_pnl (update_pnl)
[2024-03-18 20:21:00,863: INFO/MainProcess] Scheduler: Sending due task get_position (get_position)
[2024-03-18 20:21:00,865: INFO/MainProcess] Scheduler: Sending due task update_pnl (update_pnl)
[2024-03-18 20:22:00,863: INFO/MainProcess] Scheduler: Sending due task get_position (get_position)
[2024-03-18 20:22:00,865: INFO/MainProcess] Scheduler: Sending due task update_pnl (update_pnl)
[2024-03-18 20:23:00,863: INFO/MainProcess] Scheduler: Sending due task get_position (get_position)
[2024-03-18 20:23:00,866: INFO/MainProcess] Scheduler: Sending due task update_pnl (update_pnl)
[2024-03-18 20:24:00,638: INFO/MainProcess] Scheduler: Sending due task get_balance (get_balance)
[2024-03-18 20:24:00,863: INFO/MainProcess] Scheduler: Sending due task get_position (get_position)
[2024-03-18 20:24:00,866: INFO/MainProcess] Scheduler: Sending due task update_pnl (update_pnl)
[2024-03-18 20:25:00,863: INFO/MainProcess] Scheduler: Sending due task get_position (get_position)
[2024-03-18 20:25:00,866: INFO/MainProcess] Scheduler: Sending due task update_pnl (update_pnl)
[2024-03-18 20:26:00,863: INFO/MainProcess] Scheduler: Sending due task get_position (get_position)
[2024-03-18 20:26:00,866: INFO/MainProcess] Scheduler: Sending due task update_pnl (update_pnl)
[2024-03-18 20:27:00,863: INFO/MainProcess] Scheduler: Sending due task get_position (get_position)
[2024-03-18 20:27:00,866: INFO/MainProcess] Scheduler: Sending due task update_pnl (update_pnl)
[2024-03-18 20:28:00,863: INFO/MainProcess] Scheduler: Sending due task get_position (get_position)
[2024-03-18 20:28:00,866: INFO/MainProcess] Scheduler: Sending due task update_pnl (update_pnl)
[2024-03-18 20:29:00,638: INFO/MainProcess] Scheduler: Sending due task get_balance (get_balance)
[2024-03-18 20:29:00,863: INFO/MainProcess] Scheduler: Sending due task get_position (get_position)
[2024-03-18 20:29:00,866: INFO/MainProcess] Scheduler: Sending due task update_pnl (update_pnl)
[2024-03-18 20:30:00,863: INFO/MainProcess] Scheduler: Sending due task get_position (get_position)
[2024-03-18 20:30:00,866: INFO/MainProcess] Scheduler: Sending due task update_pnl (update_pnl)
[2024-03-18 20:31:00,864: INFO/MainProcess] Scheduler: Sending due task get_position (get_position)
[2024-03-18 20:31:00,866: INFO/MainProcess] Scheduler: Sending due task update_pnl (update_pnl)
[2024-03-18 20:32:00,864: INFO/MainProcess] Scheduler: Sending due task get_position (get_position)
[2024-03-18 20:32:00,866: INFO/MainProcess] Scheduler: Sending due task update_pnl (update_pnl)
[2024-03-18 20:33:00,864: INFO/MainProcess] Scheduler: Sending due task get_position (get_position)
[2024-03-18 20:33:00,866: INFO/MainProcess] Scheduler: Sending due task update_pnl (update_pnl)
[2024-03-18 20:34:00,638: INFO/MainProcess] Scheduler: Sending due task get_balance (get_balance)
[2024-03-18 20:34:00,864: INFO/MainProcess] Scheduler: Sending due task get_position (get_position)
[2024-03-18 20:34:00,866: INFO/MainProcess] Scheduler: Sending due task update_pnl (update_pnl)
[2024-03-18 20:35:00,864: INFO/MainProcess] Scheduler: Sending due task get_position (get_position)
[2024-03-18 20:35:00,866: INFO/MainProcess] Scheduler: Sending due task update_pnl (update_pnl)
[2024-03-18 20:36:00,864: INFO/MainProcess] Scheduler: Sending due task get_position (get_position)
[2024-03-18 20:36:00,866: INFO/MainProcess] Scheduler: Sending due task update_pnl (update_pnl)
[2024-03-18 20:37:00,864: INFO/MainProcess] Scheduler: Sending due task get_position (get_position)
[2024-03-18 20:37:00,866: INFO/MainProcess] Scheduler: Sending due task update_pnl (update_pnl)
[2024-03-18 20:38:00,864: INFO/MainProcess] Scheduler: Sending due task get_position (get_position)
[2024-03-18 20:38:00,866: INFO/MainProcess] Scheduler: Sending due task update_pnl (update_pnl)
[2024-03-18 20:39:00,638: INFO/MainProcess] Scheduler: Sending due task get_balance (get_balance)
[2024-03-18 20:39:00,864: INFO/MainProcess] Scheduler: Sending due task get_position (get_position)
[2024-03-18 20:39:00,866: INFO/MainProcess] Scheduler: Sending due task update_pnl (update_pnl)
[2024-03-18 20:40:00,864: INFO/MainProcess] Scheduler: Sending due task get_position (get_position)
[2024-03-18 20:40:00,866: INFO/MainProcess] Scheduler: Sending due task update_pnl (update_pnl)
[2024-03-18 20:41:00,864: INFO/MainProcess] Scheduler: Sending due task get_position (get_position)
[2024-03-18 20:41:00,866: INFO/MainProcess] Scheduler: Sending due task update_pnl (update_pnl)
[2024-03-18 20:42:00,864: INFO/MainProcess] Scheduler: Sending due task get_position (get_position)
[2024-03-18 20:42:00,866: INFO/MainProcess] Scheduler: Sending due task update_pnl (update_pnl)
[2024-03-18 20:43:00,864: INFO/MainProcess] Scheduler: Sending due task get_position (get_position)
[2024-03-18 20:43:00,867: INFO/MainProcess] Scheduler: Sending due task update_pnl (update_pnl)
[2024-03-18 20:44:00,638: INFO/MainProcess] Scheduler: Sending due task get_balance (get_balance)
[2024-03-18 20:44:00,864: INFO/MainProcess] Scheduler: Sending due task get_position (get_position)
[2024-03-18 20:44:00,867: INFO/MainProcess] Scheduler: Sending due task update_pnl (update_pnl)
[2024-03-18 20:45:00,864: INFO/MainProcess] Scheduler: Sending due task get_position (get_position)
[2024-03-18 20:45:00,867: INFO/MainProcess] Scheduler: Sending due task update_pnl (update_pnl)
[2024-03-18 20:46:00,864: INFO/MainProcess] Scheduler: Sending due task get_position (get_position)
[2024-03-18 20:46:00,868: INFO/MainProcess] Scheduler: Sending due task update_pnl (update_pnl)
[2024-03-18 20:47:00,864: INFO/MainProcess] Scheduler: Sending due task get_position (get_position)
[2024-03-18 20:47:00,868: INFO/MainProcess] Scheduler: Sending due task update_pnl (update_pnl)
[2024-03-18 20:48:00,864: INFO/MainProcess] Scheduler: Sending due task get_position (get_position)
[2024-03-18 20:48:00,868: INFO/MainProcess] Scheduler: Sending due task update_pnl (update_pnl)
[2024-03-18 20:49:00,638: INFO/MainProcess] Scheduler: Sending due task get_balance (get_balance)
[2024-03-18 20:49:00,864: INFO/MainProcess] Scheduler: Sending due task get_position (get_position)
[2024-03-18 20:49:00,868: INFO/MainProcess] Scheduler: Sending due task update_pnl (update_pnl)
[2024-03-18 20:50:00,864: INFO/MainProcess] Scheduler: Sending due task get_position (get_position)
[2024-03-18 20:50:00,868: INFO/MainProcess] Scheduler: Sending due task update_pnl (update_pnl)
[2024-03-18 20:51:00,864: INFO/MainProcess] Scheduler: Sending due task get_position (get_position)
[2024-03-18 20:51:00,868: INFO/MainProcess] Scheduler: Sending due task update_pnl (update_pnl)
[2024-03-18 20:52:00,865: INFO/MainProcess] Scheduler: Sending due task get_position (get_position)
[2024-03-18 20:52:00,868: INFO/MainProcess] Scheduler: Sending due task update_pnl (update_pnl)
[2024-03-18 20:53:00,865: INFO/MainProcess] Scheduler: Sending due task get_position (get_position)
[2024-03-18 20:53:00,868: INFO/MainProcess] Scheduler: Sending due task update_pnl (update_pnl)
[2024-03-18 20:54:00,642: INFO/MainProcess] Scheduler: Sending due task get_balance (get_balance)
[2024-03-18 20:54:00,865: INFO/MainProcess] Scheduler: Sending due task get_position (get_position)
[2024-03-18 20:54:00,868: INFO/MainProcess] Scheduler: Sending due task update_pnl (update_pnl)
[2024-03-18 20:55:00,865: INFO/MainProcess] Scheduler: Sending due task get_position (get_position)
[2024-03-18 20:55:00,868: INFO/MainProcess] Scheduler: Sending due task update_pnl (update_pnl)
[2024-03-18 20:56:00,865: INFO/MainProcess] Scheduler: Sending due task get_position (get_position)
[2024-03-18 20:56:00,868: INFO/MainProcess] Scheduler: Sending due task update_pnl (update_pnl)
[2024-03-18 20:57:00,865: INFO/MainProcess] Scheduler: Sending due task get_position (get_position)
[2024-03-18 20:57:00,868: INFO/MainProcess] Scheduler: Sending due task update_pnl (update_pnl)
[2024-03-18 20:58:00,865: INFO/MainProcess] Scheduler: Sending due task get_position (get_position)
[2024-03-18 20:58:00,868: INFO/MainProcess] Scheduler: Sending due task update_pnl (update_pnl)
[2024-03-18 20:59:00,642: INFO/MainProcess] Scheduler: Sending due task get_balance (get_balance)
[2024-03-18 20:59:00,865: INFO/MainProcess] Scheduler: Sending due task get_position (get_position)
[2024-03-18 20:59:00,868: INFO/MainProcess] Scheduler: Sending due task update_pnl (update_pnl)
[2024-03-18 21:00:00,865: INFO/MainProcess] Scheduler: Sending due task get_position (get_position)
[2024-03-18 21:00:00,868: INFO/MainProcess] Scheduler: Sending due task update_pnl (update_pnl)
[2024-03-18 21:01:00,865: INFO/MainProcess] Scheduler: Sending due task get_position (get_position)
[2024-03-18 21:01:00,868: INFO/MainProcess] Scheduler: Sending due task update_pnl (update_pnl)
[2024-03-18 21:02:00,865: INFO/MainProcess] Scheduler: Sending due task get_position (get_position)
[2024-03-18 21:02:00,868: INFO/MainProcess] Scheduler: Sending due task update_pnl (update_pnl)
[2024-03-18 21:03:00,865: INFO/MainProcess] Scheduler: Sending due task get_position (get_position)
[2024-03-18 21:03:00,869: INFO/MainProcess] Scheduler: Sending due task update_pnl (update_pnl)
[2024-03-18 21:04:00,642: INFO/MainProcess] Scheduler: Sending due task get_balance (get_balance)
[2024-03-18 21:04:00,865: INFO/MainProcess] Scheduler: Sending due task get_position (get_position)
[2024-03-18 21:04:00,869: INFO/MainProcess] Scheduler: Sending due task update_pnl (update_pnl)
[2024-03-18 21:05:00,865: INFO/MainProcess] Scheduler: Sending due task get_position (get_position)
[2024-03-18 21:05:00,869: INFO/MainProcess] Scheduler: Sending due task update_pnl (update_pnl)
[2024-03-18 21:06:00,865: INFO/MainProcess] Scheduler: Sending due task get_position (get_position)
[2024-03-18 21:06:00,869: INFO/MainProcess] Scheduler: Sending due task update_pnl (update_pnl)
[2024-03-18 21:07:00,865: INFO/MainProcess] Scheduler: Sending due task get_position (get_position)
[2024-03-18 21:07:00,869: INFO/MainProcess] Scheduler: Sending due task update_pnl (update_pnl)
[2024-03-18 21:08:00,865: INFO/MainProcess] Scheduler: Sending due task get_position (get_position)
[2024-03-18 21:08:00,869: INFO/MainProcess] Scheduler: Sending due task update_pnl (update_pnl)
[2024-03-18 21:09:00,642: INFO/MainProcess] Scheduler: Sending due task get_balance (get_balance)
[2024-03-18 21:09:00,865: INFO/MainProcess] Scheduler: Sending due task get_position (get_position)
[2024-03-18 21:09:00,869: INFO/MainProcess] Scheduler: Sending due task update_pnl (update_pnl)
[2024-03-18 21:10:00,865: INFO/MainProcess] Scheduler: Sending due task get_position (get_position)
[2024-03-18 21:10:00,869: INFO/MainProcess] Scheduler: Sending due task update_pnl (update_pnl)
[2024-03-18 21:11:00,865: INFO/MainProcess] Scheduler: Sending due task get_position (get_position)
[2024-03-18 21:11:00,869: INFO/MainProcess] Scheduler: Sending due task update_pnl (update_pnl)
[2024-03-18 21:12:00,866: INFO/MainProcess] Scheduler: Sending due task get_position (get_position)
[2024-03-18 21:12:00,869: INFO/MainProcess] Scheduler: Sending due task update_pnl (update_pnl)
[2024-03-18 21:13:00,866: INFO/MainProcess] Scheduler: Sending due task get_position (get_position)
[2024-03-18 21:13:00,869: INFO/MainProcess] Scheduler: Sending due task update_pnl (update_pnl)
[2024-03-18 21:14:00,643: INFO/MainProcess] Scheduler: Sending due task get_balance (get_balance)
[2024-03-18 21:14:00,866: INFO/MainProcess] Scheduler: Sending due task get_position (get_position)
[2024-03-18 21:14:00,869: INFO/MainProcess] Scheduler: Sending due task update_pnl (update_pnl)
[2024-03-18 21:15:00,866: INFO/MainProcess] Scheduler: Sending due task get_position (get_position)
[2024-03-18 21:15:00,869: INFO/MainProcess] Scheduler: Sending due task update_pnl (update_pnl)
[2024-03-18 21:16:00,866: INFO/MainProcess] Scheduler: Sending due task get_position (get_position)
[2024-03-18 21:16:00,869: INFO/MainProcess] Scheduler: Sending due task update_pnl (update_pnl)
[2024-03-18 21:17:00,866: INFO/MainProcess] Scheduler: Sending due task get_position (get_position)
[2024-03-18 21:17:00,869: INFO/MainProcess] Scheduler: Sending due task update_pnl (update_pnl)
[2024-03-18 21:18:00,866: INFO/MainProcess] Scheduler: Sending due task get_position (get_position)
[2024-03-18 21:18:00,869: INFO/MainProcess] Scheduler: Sending due task update_pnl (update_pnl)
[2024-03-18 21:19:00,643: INFO/MainProcess] Scheduler: Sending due task get_balance (get_balance)
[2024-03-18 21:19:00,866: INFO/MainProcess] Scheduler: Sending due task get_position (get_position)
[2024-03-18 21:19:00,869: INFO/MainProcess] Scheduler: Sending due task update_pnl (update_pnl)
[2024-03-18 21:20:00,866: INFO/MainProcess] Scheduler: Sending due task get_position (get_position)
[2024-03-18 21:20:00,869: INFO/MainProcess] Scheduler: Sending due task update_pnl (update_pnl)
[2024-03-18 21:21:00,866: INFO/MainProcess] Scheduler: Sending due task get_position (get_position)
[2024-03-18 21:21:00,869: INFO/MainProcess] Scheduler: Sending due task update_pnl (update_pnl)
[2024-03-18 21:22:00,866: INFO/MainProcess] Scheduler: Sending due task get_position (get_position)
[2024-03-18 21:22:00,869: INFO/MainProcess] Scheduler: Sending due task update_pnl (update_pnl)
[2024-03-18 21:23:00,867: INFO/MainProcess] Scheduler: Sending due task get_position (get_position)
[2024-03-18 21:23:00,870: INFO/MainProcess] Scheduler: Sending due task update_pnl (update_pnl)
[2024-03-18 21:24:00,643: INFO/MainProcess] Scheduler: Sending due task get_balance (get_balance)
[2024-03-18 21:24:00,867: INFO/MainProcess] Scheduler: Sending due task get_position (get_position)
[2024-03-18 21:24:00,870: INFO/MainProcess] Scheduler: Sending due task update_pnl (update_pnl)
[2024-03-18 21:25:00,867: INFO/MainProcess] Scheduler: Sending due task get_position (get_position)
[2024-03-18 21:25:00,870: INFO/MainProcess] Scheduler: Sending due task update_pnl (update_pnl)
[2024-03-18 21:26:00,867: INFO/MainProcess] Scheduler: Sending due task get_position (get_position)
[2024-03-18 21:26:00,870: INFO/MainProcess] Scheduler: Sending due task update_pnl (update_pnl)
[2024-03-18 21:27:00,868: INFO/MainProcess] Scheduler: Sending due task get_position (get_position)
[2024-03-18 21:27:00,870: INFO/MainProcess] Scheduler: Sending due task update_pnl (update_pnl)
[2024-03-18 21:28:00,868: INFO/MainProcess] Scheduler: Sending due task get_position (get_position)
[2024-03-18 21:28:00,870: INFO/MainProcess] Scheduler: Sending due task update_pnl (update_pnl)
[2024-03-18 21:29:00,643: INFO/MainProcess] Scheduler: Sending due task get_balance (get_balance)
[2024-03-18 21:29:00,868: INFO/MainProcess] Scheduler: Sending due task get_position (get_position)
[2024-03-18 21:29:00,870: INFO/MainProcess] Scheduler: Sending due task update_pnl (update_pnl)
[2024-03-18 21:30:00,868: INFO/MainProcess] Scheduler: Sending due task get_position (get_position)
[2024-03-18 21:30:00,870: INFO/MainProcess] Scheduler: Sending due task update_pnl (update_pnl)
[2024-03-18 21:31:00,868: INFO/MainProcess] Scheduler: Sending due task get_position (get_position)
[2024-03-18 21:31:00,870: INFO/MainProcess] Scheduler: Sending due task update_pnl (update_pnl)
[2024-03-18 21:32:00,868: INFO/MainProcess] Scheduler: Sending due task get_position (get_position)
[2024-03-18 21:32:00,870: INFO/MainProcess] Scheduler: Sending due task update_pnl (update_pnl)
[2024-03-18 21:33:00,868: INFO/MainProcess] Scheduler: Sending due task get_position (get_position)
[2024-03-18 21:33:00,870: INFO/MainProcess] Scheduler: Sending due task update_pnl (update_pnl)
[2024-03-18 21:34:00,643: INFO/MainProcess] Scheduler: Sending due task get_balance (get_balance)
[2024-03-18 21:34:00,868: INFO/MainProcess] Scheduler: Sending due task get_position (get_position)
[2024-03-18 21:34:00,870: INFO/MainProcess] Scheduler: Sending due task update_pnl (update_pnl)
[2024-03-18 21:35:00,868: INFO/MainProcess] Scheduler: Sending due task get_position (get_position)
[2024-03-18 21:35:00,870: INFO/MainProcess] Scheduler: Sending due task update_pnl (update_pnl)
[2024-03-18 21:36:00,868: INFO/MainProcess] Scheduler: Sending due task get_position (get_position)
[2024-03-18 21:36:00,872: INFO/MainProcess] Scheduler: Sending due task update_pnl (update_pnl)
[2024-03-18 21:37:00,868: INFO/MainProcess] Scheduler: Sending due task get_position (get_position)
[2024-03-18 21:37:00,872: INFO/MainProcess] Scheduler: Sending due task update_pnl (update_pnl)
[2024-03-18 21:38:00,906: INFO/MainProcess] Scheduler: Sending due task get_position (get_position)
[2024-03-18 21:38:00,910: INFO/MainProcess] Scheduler: Sending due task update_pnl (update_pnl)
[2024-03-18 21:39:00,643: INFO/MainProcess] Scheduler: Sending due task get_balance (get_balance)
[2024-03-18 21:39:00,906: INFO/MainProcess] Scheduler: Sending due task get_position (get_position)
[2024-03-18 21:39:00,910: INFO/MainProcess] Scheduler: Sending due task update_pnl (update_pnl)
[2024-03-18 21:40:00,906: INFO/MainProcess] Scheduler: Sending due task get_position (get_position)
[2024-03-18 21:40:00,910: INFO/MainProcess] Scheduler: Sending due task update_pnl (update_pnl)
[2024-03-18 21:41:00,906: INFO/MainProcess] Scheduler: Sending due task get_position (get_position)
[2024-03-18 21:41:00,910: INFO/MainProcess] Scheduler: Sending due task update_pnl (update_pnl)
[2024-03-18 21:42:00,907: INFO/MainProcess] Scheduler: Sending due task get_position (get_position)
[2024-03-18 21:42:00,910: INFO/MainProcess] Scheduler: Sending due task update_pnl (update_pnl)
[2024-03-18 21:43:00,907: INFO/MainProcess] Scheduler: Sending due task get_position (get_position)
[2024-03-18 21:43:00,910: INFO/MainProcess] Scheduler: Sending due task update_pnl (update_pnl)
[2024-03-18 21:44:00,643: INFO/MainProcess] Scheduler: Sending due task get_balance (get_balance)
[2024-03-18 21:44:00,907: INFO/MainProcess] Scheduler: Sending due task get_position (get_position)
[2024-03-18 21:44:00,910: INFO/MainProcess] Scheduler: Sending due task update_pnl (update_pnl)
[2024-03-18 21:45:00,907: INFO/MainProcess] Scheduler: Sending due task get_position (get_position)
[2024-03-18 21:45:00,910: INFO/MainProcess] Scheduler: Sending due task update_pnl (update_pnl)
[2024-03-18 21:46:00,907: INFO/MainProcess] Scheduler: Sending due task get_position (get_position)
[2024-03-18 21:46:00,910: INFO/MainProcess] Scheduler: Sending due task update_pnl (update_pnl)
[2024-03-18 21:47:00,907: INFO/MainProcess] Scheduler: Sending due task get_position (get_position)
[2024-03-18 21:47:00,910: INFO/MainProcess] Scheduler: Sending due task update_pnl (update_pnl)
[2024-03-18 21:48:00,907: INFO/MainProcess] Scheduler: Sending due task get_position (get_position)
[2024-03-18 21:48:00,910: INFO/MainProcess] Scheduler: Sending due task update_pnl (update_pnl)
[2024-03-18 21:49:00,643: INFO/MainProcess] Scheduler: Sending due task get_balance (get_balance)
[2024-03-18 21:49:00,907: INFO/MainProcess] Scheduler: Sending due task get_position (get_position)
[2024-03-18 21:49:00,910: INFO/MainProcess] Scheduler: Sending due task update_pnl (update_pnl)
[2024-03-18 21:50:00,907: INFO/MainProcess] Scheduler: Sending due task get_position (get_position)
[2024-03-18 21:50:00,910: INFO/MainProcess] Scheduler: Sending due task update_pnl (update_pnl)
