2023-12-11 01:03:53 | INFO | 跟单猿跟单系统启动，跟随交易员：31F08109D363843E
2023-12-11 01:03:55 | INFO | 交易员31F08109D363843E有正在进行中的交易，等待新的交易发生后开始跟随！
2023-12-11 02:28:29 | SUCCESS | 交易员31F08109D363843E进行了平仓操作，品种：ETH-USDT-SWAP，杠杆：100，方向：net
2023-12-11 02:29:04 | SUCCESS | 交易员31F08109D363843E进行了开仓操作，品种：ETH-USDT-SWAP，杠杆：100，方向：net
2023-12-11 02:29:45 | SUCCESS | 交易员31F08109D363843E进行了调仓操作，品种：ETH-USDT-SWAP，原仓位：-1USDT，现仓位：-2USDT
2023-12-11 02:30:15 | SUCCESS | 交易员31F08109D363843E进行了调仓操作，品种：ETH-USDT-SWAP，原仓位：-2USDT，现仓位：-3USDT
2023-12-11 02:30:39 | SUCCESS | 交易员31F08109D363843E进行了调仓操作，品种：ETH-USDT-SWAP，原仓位：-3USDT，现仓位：-5USDT
2023-12-11 02:31:03 | SUCCESS | 交易员31F08109D363843E进行了调仓操作，品种：ETH-USDT-SWAP，原仓位：-5USDT，现仓位：-10USDT
2023-12-11 07:04:23 | SUCCESS | 交易员31F08109D363843E进行了调仓操作，品种：ETH-USDT-SWAP，原仓位：-10USDT，现仓位：-30USDT
2023-12-11 07:18:18 | SUCCESS | 交易员31F08109D363843E进行了调仓操作，品种：ETH-USDT-SWAP，原仓位：-30USDT，现仓位：-20USDT
2023-12-11 08:56:00 | SUCCESS | 交易员31F08109D363843E进行了平仓操作，品种：ETH-USDT-SWAP，杠杆：100，方向：net
2023-12-11 08:56:55 | SUCCESS | 交易员31F08109D363843E进行了开仓操作，品种：ETH-USDT-SWAP，杠杆：100，方向：net
2023-12-11 09:01:58 | SUCCESS | 交易员31F08109D363843E进行了调仓操作，品种：ETH-USDT-SWAP，原仓位：1USDT，现仓位：3USDT
2023-12-11 09:02:12 | SUCCESS | 交易员31F08109D363843E进行了调仓操作，品种：ETH-USDT-SWAP，原仓位：3USDT，现仓位：5USDT
2023-12-11 09:02:40 | SUCCESS | 交易员31F08109D363843E进行了调仓操作，品种：ETH-USDT-SWAP，原仓位：5USDT，现仓位：10USDT
2023-12-11 09:03:05 | SUCCESS | 交易员31F08109D363843E进行了调仓操作，品种：ETH-USDT-SWAP，原仓位：10USDT，现仓位：30USDT
2023-12-11 09:04:11 | SUCCESS | 交易员31F08109D363843E进行了调仓操作，品种：ETH-USDT-SWAP，原仓位：30USDT，现仓位：50USDT
2023-12-11 09:09:36 | SUCCESS | 交易员31F08109D363843E进行了调仓操作，品种：ETH-USDT-SWAP，原仓位：50USDT，现仓位：60USDT
2023-12-11 09:10:08 | SUCCESS | 交易员31F08109D363843E进行了调仓操作，品种：ETH-USDT-SWAP，原仓位：60USDT，现仓位：70USDT
2023-12-11 09:11:04 | SUCCESS | 交易员31F08109D363843E进行了调仓操作，品种：ETH-USDT-SWAP，原仓位：70USDT，现仓位：80USDT
2023-12-11 10:15:58 | SUCCESS | 交易员31F08109D363843E进行了调仓操作，品种：ETH-USDT-SWAP，原仓位：80USDT，现仓位：100USDT
2023-12-11 10:16:00 | SUCCESS | 交易员31F08109D363843E进行了调仓操作，品种：ETH-USDT-SWAP，原仓位：100USDT，现仓位：120USDT
2023-12-11 10:16:48 | SUCCESS | 交易员31F08109D363843E进行了调仓操作，品种：ETH-USDT-SWAP，原仓位：120USDT，现仓位：150USDT
2023-12-11 10:17:41 | SUCCESS | 交易员31F08109D363843E进行了调仓操作，品种：ETH-USDT-SWAP，原仓位：150USDT，现仓位：180USDT
2023-12-11 10:18:04 | SUCCESS | 交易员31F08109D363843E进行了调仓操作，品种：ETH-USDT-SWAP，原仓位：180USDT，现仓位：200USDT
2023-12-11 10:18:32 | SUCCESS | 交易员31F08109D363843E进行了调仓操作，品种：ETH-USDT-SWAP，原仓位：200USDT，现仓位：250USDT
2023-12-11 10:19:11 | SUCCESS | 交易员31F08109D363843E进行了调仓操作，品种：ETH-USDT-SWAP，原仓位：250USDT，现仓位：300USDT
2023-12-11 10:24:29 | SUCCESS | 交易员31F08109D363843E进行了调仓操作，品种：ETH-USDT-SWAP，原仓位：300USDT，现仓位：350USDT
2023-12-11 10:24:59 | SUCCESS | 交易员31F08109D363843E进行了调仓操作，品种：ETH-USDT-SWAP，原仓位：350USDT，现仓位：400USDT
2023-12-11 10:58:22 | SUCCESS | 交易员31F08109D363843E进行了调仓操作，品种：ETH-USDT-SWAP，原仓位：400USDT，现仓位：420USDT
2023-12-11 11:39:02 | SUCCESS | 交易员31F08109D363843E进行了调仓操作，品种：ETH-USDT-SWAP，原仓位：420USDT，现仓位：400USDT
2023-12-11 11:39:05 | SUCCESS | 交易员31F08109D363843E进行了调仓操作，品种：ETH-USDT-SWAP，原仓位：400USDT，现仓位：350USDT
2023-12-11 11:40:05 | SUCCESS | 交易员31F08109D363843E进行了调仓操作，品种：ETH-USDT-SWAP，原仓位：350USDT，现仓位：300USDT
2023-12-11 11:40:38 | SUCCESS | 交易员31F08109D363843E进行了调仓操作，品种：ETH-USDT-SWAP，原仓位：300USDT，现仓位：250USDT
2023-12-11 11:40:55 | SUCCESS | 交易员31F08109D363843E进行了调仓操作，品种：ETH-USDT-SWAP，原仓位：250USDT，现仓位：200USDT
2023-12-11 11:41:43 | SUCCESS | 交易员31F08109D363843E进行了调仓操作，品种：ETH-USDT-SWAP，原仓位：200USDT，现仓位：180USDT
2023-12-11 11:42:13 | SUCCESS | 交易员31F08109D363843E进行了调仓操作，品种：ETH-USDT-SWAP，原仓位：180USDT，现仓位：150USDT
