2023-12-19 21:17:35 | INFO | 跟单猿跟单系统启动，跟随交易员：31F08109D363843E
2023-12-19 21:17:58 | INFO | 交易员31F08109D363843E有正在进行中的交易，等待新的交易发生后开始跟随！
2023-12-19 21:46:34 | SUCCESS | 交易员31F08109D363843E进行了调仓操作，品种：ETH-USDT-SWAP，原仓位保证金：222.9USDT，现仓位保证金：155.52USDT
2023-12-19 22:00:03 | SUCCESS | 交易员31F08109D363843E进行了调仓操作，品种：ETH-USDT-SWAP，原仓位保证金：155.52USDT，现仓位保证金：110.91USDT
2023-12-19 22:08:13 | SUCCESS | 交易员31F08109D363843E进行了调仓操作，品种：ETH-USDT-SWAP，原仓位保证金：110.91USDT，现仓位保证金：88.73USDT
2023-12-19 22:08:25 | SUCCESS | 交易员31F08109D363843E进行了调仓操作，品种：ETH-USDT-SWAP，原仓位保证金：88.73USDT，现仓位保证金：66.55USDT
2023-12-19 22:08:33 | SUCCESS | 交易员31F08109D363843E进行了调仓操作，品种：ETH-USDT-SWAP，原仓位保证金：66.55USDT，现仓位保证金：44.38USDT
2023-12-19 22:08:57 | SUCCESS | 交易员31F08109D363843E进行了调仓操作，品种：ETH-USDT-SWAP，原仓位保证金：44.38USDT，现仓位保证金：22.19USDT
2023-12-19 22:09:05 | SUCCESS | 交易员31F08109D363843E进行了平仓操作，品种：ETH-USDT-SWAP，杠杆：100，方向：net
2023-12-20 01:03:44 | SUCCESS | 交易员31F08109D363843E进行了开仓操作，品种：ETH-USDT-SWAP，杠杆：100，方向：net
2023-12-20 01:14:46 | SUCCESS | 交易员31F08109D363843E进行了调仓操作，品种：ETH-USDT-SWAP，原仓位保证金：43.6USDT，现仓位保证金：108.57USDT
2023-12-20 01:16:12 | SUCCESS | 交易员31F08109D363843E进行了调仓操作，品种：ETH-USDT-SWAP，原仓位保证金：108.57USDT，现仓位保证金：216.44USDT
2023-12-20 01:21:23 | SUCCESS | 交易员31F08109D363843E进行了调仓操作，品种：ETH-USDT-SWAP，原仓位保证金：216.44USDT，现仓位保证金：324.22USDT
2023-12-20 01:33:49 | SUCCESS | 交易员31F08109D363843E进行了调仓操作，品种：ETH-USDT-SWAP，原仓位保证金：324.22USDT，现仓位保证金：431.71USDT
2023-12-20 01:52:42 | SUCCESS | 交易员31F08109D363843E进行了调仓操作，品种：ETH-USDT-SWAP，原仓位保证金：431.71USDT，现仓位保证金：538.92USDT
2023-12-20 01:56:20 | SUCCESS | 交易员31F08109D363843E进行了调仓操作，品种：ETH-USDT-SWAP，原仓位保证金：538.92USDT，现仓位保证金：646.06USDT
2023-12-20 02:39:18 | SUCCESS | 交易员31F08109D363843E进行了调仓操作，品种：ETH-USDT-SWAP，原仓位保证金：646.06USDT，现仓位保证金：538.92USDT
2023-12-20 02:39:55 | SUCCESS | 交易员31F08109D363843E进行了调仓操作，品种：ETH-USDT-SWAP，原仓位保证金：538.92USDT，现仓位保证金：431.71USDT
2023-12-20 02:41:19 | SUCCESS | 交易员31F08109D363843E进行了调仓操作，品种：ETH-USDT-SWAP，原仓位保证金：431.71USDT，现仓位保证金：324.22USDT
2023-12-20 02:42:37 | SUCCESS | 交易员31F08109D363843E进行了调仓操作，品种：ETH-USDT-SWAP，原仓位保证金：324.22USDT，现仓位保证金：216.44USDT
2023-12-20 02:45:58 | SUCCESS | 交易员31F08109D363843E进行了调仓操作，品种：ETH-USDT-SWAP，原仓位保证金：216.44USDT，现仓位保证金：108.57USDT
2023-12-20 03:33:14 | SUCCESS | 交易员31F08109D363843E进行了调仓操作，品种：ETH-USDT-SWAP，原仓位保证金：108.57USDT，现仓位保证金：43.6USDT
2023-12-20 08:17:12 | SUCCESS | 交易员31F08109D363843E进行了平仓操作，品种：ETH-USDT-SWAP，杠杆：100，方向：net
2023-12-20 12:57:00 | SUCCESS | 交易员31F08109D363843E进行了开仓操作，品种：ETH-USDT-SWAP，杠杆：100，方向：net
2023-12-20 14:21:49 | SUCCESS | 交易员31F08109D363843E进行了调仓操作，品种：ETH-USDT-SWAP，原仓位保证金：22.16USDT，现仓位保证金：44.34USDT
2023-12-20 17:12:10 | SUCCESS | 交易员31F08109D363843E进行了平仓操作，品种：ETH-USDT-SWAP，杠杆：100，方向：net
2023-12-20 17:14:52 | SUCCESS | 交易员31F08109D363843E进行了开仓操作，品种：ETH-USDT-SWAP，杠杆：100，方向：net
2023-12-20 19:00:15 | SUCCESS | 交易员31F08109D363843E进行了调仓操作，品种：ETH-USDT-SWAP，原仓位保证金：44.34USDT，现仓位保证金：66.55USDT
2023-12-20 21:05:36 | SUCCESS | 交易员31F08109D363843E进行了调仓操作，品种：ETH-USDT-SWAP，原仓位保证金：66.55USDT，现仓位保证金：88.77USDT
2023-12-20 21:05:51 | SUCCESS | 交易员31F08109D363843E进行了调仓操作，品种：ETH-USDT-SWAP，原仓位保证金：88.77USDT，现仓位保证金：110.99USDT
2023-12-20 21:08:47 | SUCCESS | 交易员31F08109D363843E进行了调仓操作，品种：ETH-USDT-SWAP，原仓位保证金：110.99USDT，现仓位保证金：133.26USDT
2023-12-20 21:09:12 | SUCCESS | 交易员31F08109D363843E进行了调仓操作，品种：ETH-USDT-SWAP，原仓位保证金：133.26USDT，现仓位保证金：155.56USDT
2023-12-20 21:11:48 | SUCCESS | 交易员31F08109D363843E进行了调仓操作，品种：ETH-USDT-SWAP，原仓位保证金：155.56USDT，现仓位保证金：177.87USDT
2023-12-20 21:12:24 | SUCCESS | 交易员31F08109D363843E进行了调仓操作，品种：ETH-USDT-SWAP，原仓位保证金：177.87USDT，现仓位保证金：222.49USDT
2023-12-20 21:58:13 | SUCCESS | 交易员31F08109D363843E进行了调仓操作，品种：ETH-USDT-SWAP，原仓位保证金：222.49USDT，现仓位保证金：334.87USDT
2023-12-20 22:28:50 | SUCCESS | 交易员31F08109D363843E进行了调仓操作，品种：ETH-USDT-SWAP，原仓位保证金：334.87USDT，现仓位保证金：447.36USDT
2023-12-20 23:58:08 | SUCCESS | 交易员31F08109D363843E进行了平仓操作，品种：ETH-USDT-SWAP，杠杆：100，方向：net
2023-12-21 00:01:29 | SUCCESS | 交易员31F08109D363843E进行了开仓操作，品种：ETH-USDT-SWAP，杠杆：100，方向：net
2023-12-21 00:44:23 | SUCCESS | 交易员31F08109D363843E进行了平仓操作，品种：ETH-USDT-SWAP，杠杆：100，方向：net
2023-12-21 00:44:26 | SUCCESS | 交易员31F08109D363843E进行了开仓操作，品种：ETH-USDT-SWAP，杠杆：100，方向：net
2023-12-21 00:44:52 | SUCCESS | 交易员31F08109D363843E进行了平仓操作，品种：ETH-USDT-SWAP，杠杆：100，方向：net
2023-12-21 00:47:45 | SUCCESS | 交易员31F08109D363843E进行了开仓操作，品种：ETH-USDT-SWAP，杠杆：100，方向：net
2023-12-21 00:54:47 | SUCCESS | 交易员31F08109D363843E进行了调仓操作，品种：ETH-USDT-SWAP，原仓位保证金：447.36USDT，现仓位保证金：334.87USDT
2023-12-21 00:54:52 | SUCCESS | 交易员31F08109D363843E进行了调仓操作，品种：ETH-USDT-SWAP，原仓位保证金：334.87USDT，现仓位保证金：222.49USDT
2023-12-21 00:55:11 | SUCCESS | 交易员31F08109D363843E进行了调仓操作，品种：ETH-USDT-SWAP，原仓位保证金：222.49USDT，现仓位保证金：177.87USDT
2023-12-21 00:56:34 | SUCCESS | 交易员31F08109D363843E进行了调仓操作，品种：ETH-USDT-SWAP，原仓位保证金：177.87USDT，现仓位保证金：155.56USDT
2023-12-21 00:56:41 | SUCCESS | 交易员31F08109D363843E进行了调仓操作，品种：ETH-USDT-SWAP，原仓位保证金：155.56USDT，现仓位保证金：133.26USDT
2023-12-21 00:56:55 | SUCCESS | 交易员31F08109D363843E进行了调仓操作，品种：ETH-USDT-SWAP，原仓位保证金：133.26USDT，现仓位保证金：110.99USDT
2023-12-21 00:57:58 | SUCCESS | 交易员31F08109D363843E进行了调仓操作，品种：ETH-USDT-SWAP，原仓位保证金：110.99USDT，现仓位保证金：88.77USDT
2023-12-21 00:58:04 | SUCCESS | 交易员31F08109D363843E进行了调仓操作，品种：ETH-USDT-SWAP，原仓位保证金：88.77USDT，现仓位保证金：66.55USDT
2023-12-21 00:58:07 | SUCCESS | 交易员31F08109D363843E进行了调仓操作，品种：ETH-USDT-SWAP，原仓位保证金：66.55USDT，现仓位保证金：44.34USDT
2023-12-21 03:40:15 | SUCCESS | 交易员31F08109D363843E进行了调仓操作，品种：ETH-USDT-SWAP，原仓位保证金：44.34USDT，现仓位保证金：22.16USDT
2023-12-21 03:40:28 | SUCCESS | 交易员31F08109D363843E进行了平仓操作，品种：ETH-USDT-SWAP，杠杆：100，方向：net
2023-12-21 07:39:41 | SUCCESS | 交易员31F08109D363843E进行了开仓操作，品种：ETH-USDT-SWAP，杠杆：100，方向：net
2023-12-21 09:07:28 | SUCCESS | 交易员31F08109D363843E进行了调仓操作，品种：ETH-USDT-SWAP，原仓位保证金：43.95USDT，现仓位保证金：109.6USDT
2023-12-21 10:38:35 | SUCCESS | 交易员31F08109D363843E进行了平仓操作，品种：ETH-USDT-SWAP，杠杆：100，方向：net
2023-12-21 10:41:40 | SUCCESS | 交易员31F08109D363843E进行了开仓操作，品种：ETH-USDT-SWAP，杠杆：100，方向：net
2023-12-21 14:58:45 | SUCCESS | 交易员31F08109D363843E进行了调仓操作，品种：ETH-USDT-SWAP，原仓位保证金：109.6USDT，现仓位保证金：43.95USDT
2023-12-21 14:59:47 | SUCCESS | 交易员31F08109D363843E进行了平仓操作，品种：ETH-USDT-SWAP，杠杆：100，方向：net
2023-12-21 16:28:23 | SUCCESS | 交易员31F08109D363843E进行了开仓操作，品种：ETH-USDT-SWAP，杠杆：100，方向：net
2023-12-21 17:59:55 | SUCCESS | 交易员31F08109D363843E进行了调仓操作，品种：ETH-USDT-SWAP，原仓位保证金：22.19USDT，现仓位保证金：44.39USDT
2023-12-21 18:01:42 | SUCCESS | 交易员31F08109D363843E进行了调仓操作，品种：ETH-USDT-SWAP，原仓位保证金：44.39USDT，现仓位保证金：66.63USDT
2023-12-21 18:02:09 | SUCCESS | 交易员31F08109D363843E进行了调仓操作，品种：ETH-USDT-SWAP，原仓位保证金：66.63USDT，现仓位保证金：88.87USDT
2023-12-21 18:02:48 | SUCCESS | 交易员31F08109D363843E进行了调仓操作，品种：ETH-USDT-SWAP，原仓位保证金：88.87USDT，现仓位保证金：111.12USDT
2023-12-21 18:04:41 | SUCCESS | 交易员31F08109D363843E进行了调仓操作，品种：ETH-USDT-SWAP，原仓位保证金：111.12USDT，现仓位保证金：222.6USDT
2023-12-21 18:34:19 | SUCCESS | 交易员31F08109D363843E进行了调仓操作，品种：ETH-USDT-SWAP，原仓位保证金：222.6USDT，现仓位保证金：334.22USDT
2023-12-21 18:48:47 | SUCCESS | 交易员31F08109D363843E进行了调仓操作，品种：ETH-USDT-SWAP，原仓位保证金：334.22USDT，现仓位保证金：446.34USDT
2023-12-21 20:08:11 | SUCCESS | 交易员31F08109D363843E进行了调仓操作，品种：ETH-USDT-SWAP，原仓位保证金：446.34USDT，现仓位保证金：559.64USDT
2023-12-21 22:11:28 | SUCCESS | 交易员31F08109D363843E进行了调仓操作，品种：ETH-USDT-SWAP，原仓位保证金：559.64USDT，现仓位保证金：446.34USDT
2023-12-21 22:11:39 | SUCCESS | 交易员31F08109D363843E进行了调仓操作，品种：ETH-USDT-SWAP，原仓位保证金：446.34USDT，现仓位保证金：334.22USDT
2023-12-21 22:32:05 | SUCCESS | 交易员31F08109D363843E进行了调仓操作，品种：ETH-USDT-SWAP，原仓位保证金：334.22USDT，现仓位保证金：222.6USDT
2023-12-21 22:43:02 | SUCCESS | 交易员31F08109D363843E进行了调仓操作，品种：ETH-USDT-SWAP，原仓位保证金：222.6USDT，现仓位保证金：111.12USDT
2023-12-21 22:43:48 | SUCCESS | 交易员31F08109D363843E进行了调仓操作，品种：ETH-USDT-SWAP，原仓位保证金：111.12USDT，现仓位保证金：88.87USDT
2023-12-21 22:43:56 | SUCCESS | 交易员31F08109D363843E进行了调仓操作，品种：ETH-USDT-SWAP，原仓位保证金：88.87USDT，现仓位保证金：66.63USDT
2023-12-21 22:44:13 | SUCCESS | 交易员31F08109D363843E进行了调仓操作，品种：ETH-USDT-SWAP，原仓位保证金：66.63USDT，现仓位保证金：44.39USDT
2023-12-21 22:58:33 | SUCCESS | 交易员31F08109D363843E进行了调仓操作，品种：ETH-USDT-SWAP，原仓位保证金：44.39USDT，现仓位保证金：22.19USDT
2023-12-21 22:58:53 | SUCCESS | 交易员31F08109D363843E进行了平仓操作，品种：ETH-USDT-SWAP，杠杆：100，方向：net
2023-12-21 23:00:25 | WARNING | 手动结束跟单，任务ID：252
