2024-02-25 20:18:03 | INFO | 跟单猿跟单系统启动，跟随交易员：823664FB73B79E41
2024-02-25 20:39:26 | INFO | 跟单猿跟单系统启动，跟随交易员：823664FB73B79E41
2024-02-25 20:39:28 | INFO | 交易员823664FB73B79E41有正在进行中的交易，等待新的交易发生后开始跟随！
2024-02-25 22:49:12 | SUCCESS | 交易员823664FB73B79E41进行了开仓操作，品种：ETC-USDT-SWAP，杠杆：1，方向：long
2024-02-25 22:59:20 | SUCCESS | 交易员823664FB73B79E41进行了调仓操作，品种：FIL-USDT-SWAP，原仓位保证金：84512.9USDT，现仓位保证金：170478.63USDT
2024-02-25 23:01:08 | SUCCESS | 交易员823664FB73B79E41进行了调仓操作，品种：ETC-USDT-SWAP，原仓位保证金：136806.5USDT，现仓位保证金：136806.5USDT
2024-02-25 23:02:47 | SUCCESS | 交易员823664FB73B79E41进行了调仓操作，品种：ETC-USDT-SWAP，原仓位保证金：136806.5USDT，现仓位保证金：136806.5USDT
2024-02-25 23:02:59 | SUCCESS | 交易员823664FB73B79E41进行了调仓操作，品种：ETC-USDT-SWAP，原仓位保证金：136806.5USDT，现仓位保证金：136806.5USDT
2024-02-26 00:09:52 | SUCCESS | 交易员823664FB73B79E41进行了平仓操作，品种：ETC-USDT-SWAP，杠杆：1，方向：long
2024-02-26 00:15:49 | SUCCESS | 交易员823664FB73B79E41进行了平仓操作，品种：FIL-USDT-SWAP，杠杆：1，方向：long
2024-02-26 22:37:35 | INFO | 跟单猿跟单系统启动，跟随交易员：823664FB73B79E41
2024-02-26 22:37:37 | INFO | 交易员823664FB73B79E41有正在进行中的交易，等待新的交易发生后开始跟随！
2024-02-26 22:54:00 | SUCCESS | 交易员823664FB73B79E41进行了开仓操作，品种：BNB-USDT-SWAP，杠杆：1，方向：long
2024-02-26 22:54:17 | SUCCESS | 交易员823664FB73B79E41进行了调仓操作，品种：BNB-USDT-SWAP，原仓位保证金：239172.51USDT，现仓位保证金：318969.29USDT
2024-02-26 22:56:34 | SUCCESS | 交易员823664FB73B79E41进行了开仓操作，品种：NEAR-USDT-SWAP，杠杆：1，方向：long
2024-02-26 22:56:40 | SUCCESS | 交易员823664FB73B79E41进行了调仓操作，品种：NEAR-USDT-SWAP，原仓位保证金：40687.27USDT，现仓位保证金：61053.11USDT
2024-02-26 22:56:48 | SUCCESS | 交易员823664FB73B79E41进行了调仓操作，品种：NEAR-USDT-SWAP，原仓位保证金：61053.11USDT，现仓位保证金：69208.47USDT
2024-02-26 22:56:53 | SUCCESS | 交易员823664FB73B79E41进行了调仓操作，品种：NEAR-USDT-SWAP，原仓位保证金：69208.47USDT，现仓位保证金：81447.22USDT
2024-02-26 22:57:47 | SUCCESS | 交易员823664FB73B79E41进行了调仓操作，品种：NEAR-USDT-SWAP，原仓位保证金：81447.22USDT，现仓位保证金：101825.24USDT
2024-02-26 23:00:31 | SUCCESS | 交易员823664FB73B79E41进行了调仓操作，品种：NEAR-USDT-SWAP，原仓位保证金：101825.24USDT，现仓位保证金：109944.93USDT
2024-02-26 23:03:03 | SUCCESS | 交易员823664FB73B79E41进行了调仓操作，品种：NEAR-USDT-SWAP，原仓位保证金：109944.93USDT，现仓位保证金：112334.43USDT
2024-02-26 23:08:21 | SUCCESS | 交易员823664FB73B79E41进行了开仓操作，品种：BTC-USDT-SWAP，杠杆：1，方向：short
2024-02-26 23:08:27 | SUCCESS | 交易员823664FB73B79E41进行了调仓操作，品种：BTC-USDT-SWAP，原仓位保证金：259459.5USDT，现仓位保证金：289031.53USDT
2024-02-26 23:08:30 | SUCCESS | 交易员823664FB73B79E41进行了调仓操作，品种：BTC-USDT-SWAP，原仓位保证金：289031.53USDT，现仓位保证金：415099.93USDT
2024-02-26 23:11:42 | SUCCESS | 交易员823664FB73B79E41进行了调仓操作，品种：BTC-USDT-SWAP，原仓位保证金：415099.93USDT，现仓位保证金：519002.93USDT
2024-02-26 23:15:39 | SUCCESS | 交易员823664FB73B79E41进行了平仓操作，品种：BTC-USDT-SWAP，杠杆：1，方向：short
2024-02-26 23:17:54 | SUCCESS | 交易员823664FB73B79E41进行了调仓操作，品种：NEAR-USDT-SWAP，原仓位保证金：112334.43USDT，现仓位保证金：113792.43USDT
2024-02-26 23:19:06 | SUCCESS | 交易员823664FB73B79E41进行了调仓操作，品种：NEAR-USDT-SWAP，原仓位保证金：113792.43USDT，现仓位保证金：117032.43USDT
2024-02-26 23:19:09 | SUCCESS | 交易员823664FB73B79E41进行了调仓操作，品种：NEAR-USDT-SWAP，原仓位保证金：117032.43USDT，现仓位保证金：119624.43USDT
2024-02-26 23:19:11 | SUCCESS | 交易员823664FB73B79E41进行了调仓操作，品种：NEAR-USDT-SWAP，原仓位保证金：119624.43USDT，现仓位保证金：122459.43USDT
2024-02-26 23:29:35 | SUCCESS | 交易员823664FB73B79E41进行了调仓操作，品种：BNB-USDT-SWAP，原仓位保证金：318969.29USDT，现仓位保证金：398118.73USDT
2024-02-26 23:40:24 | SUCCESS | 交易员823664FB73B79E41进行了开仓操作，品种：NEAR-USDT-SWAP，杠杆：1，方向：long
2024-02-26 23:40:24 | SUCCESS | 交易员823664FB73B79E41进行了开仓操作，品种：BNB-USDT-SWAP，杠杆：1，方向：long
2024-02-26 23:40:24 | SUCCESS | 交易员823664FB73B79E41进行了开仓操作，品种：SOL-USDT-SWAP，杠杆：1，方向：long
2024-02-26 23:46:49 | SUCCESS | 交易员823664FB73B79E41进行了调仓操作，品种：NEAR-USDT-SWAP，原仓位保证金：122459.43USDT，现仓位保证金：143082.51USDT
2024-02-26 23:46:50 | SUCCESS | 交易员823664FB73B79E41进行了调仓操作，品种：NEAR-USDT-SWAP，原仓位保证金：122459.43USDT，现仓位保证金：143082.51USDT
2024-02-26 23:46:58 | SUCCESS | 交易员823664FB73B79E41进行了调仓操作，品种：NEAR-USDT-SWAP，原仓位保证金：143082.51USDT，现仓位保证金：163669.32USDT
2024-02-26 23:46:58 | SUCCESS | 交易员823664FB73B79E41进行了调仓操作，品种：NEAR-USDT-SWAP，原仓位保证金：143082.51USDT，现仓位保证金：163669.32USDT
2024-02-26 23:49:26 | SUCCESS | 交易员823664FB73B79E41进行了调仓操作，品种：BNB-USDT-SWAP，原仓位保证金：398118.73USDT，现仓位保证金：412699.45USDT
2024-02-26 23:49:28 | SUCCESS | 交易员823664FB73B79E41进行了调仓操作，品种：BNB-USDT-SWAP，原仓位保证金：398118.73USDT，现仓位保证金：413559.46USDT
2024-02-26 23:49:29 | SUCCESS | 交易员823664FB73B79E41进行了调仓操作，品种：BNB-USDT-SWAP，原仓位保证金：412699.45USDT，现仓位保证金：413559.46USDT
2024-02-26 23:49:31 | SUCCESS | 交易员823664FB73B79E41进行了调仓操作，品种：BNB-USDT-SWAP，原仓位保证金：413559.46USDT，现仓位保证金：416419.58USDT
2024-02-26 23:49:32 | SUCCESS | 交易员823664FB73B79E41进行了调仓操作，品种：BNB-USDT-SWAP，原仓位保证金：413559.46USDT，现仓位保证金：420822.2USDT
2024-02-26 23:49:34 | SUCCESS | 交易员823664FB73B79E41进行了调仓操作，品种：BNB-USDT-SWAP，原仓位保证金：416419.58USDT，现仓位保证金：424372.7USDT
2024-02-26 23:49:34 | SUCCESS | 交易员823664FB73B79E41进行了调仓操作，品种：BNB-USDT-SWAP，原仓位保证金：420822.2USDT，现仓位保证金：424372.7USDT
2024-02-26 23:49:48 | SUCCESS | 交易员823664FB73B79E41进行了调仓操作，品种：BNB-USDT-SWAP，原仓位保证金：424372.7USDT，现仓位保证金：456749.32USDT
2024-02-26 23:49:50 | SUCCESS | 交易员823664FB73B79E41进行了调仓操作，品种：BNB-USDT-SWAP，原仓位保证金：424372.7USDT，现仓位保证金：456749.32USDT
2024-02-26 23:50:54 | SUCCESS | 交易员823664FB73B79E41进行了调仓操作，品种：BNB-USDT-SWAP，原仓位保证金：456749.32USDT，现仓位保证金：477018.73USDT
2024-02-26 23:50:54 | SUCCESS | 交易员823664FB73B79E41进行了调仓操作，品种：BNB-USDT-SWAP，原仓位保证金：456749.32USDT，现仓位保证金：477018.73USDT
2024-02-26 23:58:36 | WARNING | 手动结束跟单，任务ID：275
2024-02-26 23:59:59 | SUCCESS | 交易员823664FB73B79E41进行了开仓操作，品种：BTC-USDT-SWAP，杠杆：1，方向：long
2024-02-27 00:00:02 | SUCCESS | 交易员823664FB73B79E41进行了调仓操作，品种：BTC-USDT-SWAP，原仓位保证金：264240.55USDT，现仓位保证金：369894.35USDT
2024-02-27 00:07:49 | SUCCESS | 交易员823664FB73B79E41进行了调仓操作，品种：BTC-USDT-SWAP，原仓位保证金：369894.35USDT，现仓位保证金：742008.62USDT
2024-02-27 00:09:02 | SUCCESS | 交易员823664FB73B79E41进行了调仓操作，品种：BNB-USDT-SWAP，原仓位保证金：477018.73USDT，现仓位保证金：596117.05USDT
2024-02-27 00:11:19 | SUCCESS | 交易员823664FB73B79E41进行了调仓操作，品种：NEAR-USDT-SWAP，原仓位保证金：163669.32USDT，现仓位保证金：165782.35USDT
2024-02-27 00:11:26 | SUCCESS | 交易员823664FB73B79E41进行了调仓操作，品种：NEAR-USDT-SWAP，原仓位保证金：165782.35USDT，现仓位保证金：167370.04USDT
2024-02-27 00:12:18 | SUCCESS | 交易员823664FB73B79E41进行了调仓操作，品种：BTC-USDT-SWAP，原仓位保证金：742008.62USDT，现仓位保证金：849148.62USDT
2024-02-27 00:13:47 | SUCCESS | 交易员823664FB73B79E41进行了平仓操作，品种：BTC-USDT-SWAP，杠杆：1，方向：long
2024-02-27 00:22:10 | SUCCESS | 交易员823664FB73B79E41进行了开仓操作，品种：BTC-USDT-SWAP，杠杆：1，方向：long
2024-02-27 00:22:55 | SUCCESS | 交易员823664FB73B79E41进行了调仓操作，品种：BTC-USDT-SWAP，原仓位保证金：160017.9USDT，现仓位保证金：319782.9USDT
2024-02-27 00:23:29 | SUCCESS | 交易员823664FB73B79E41进行了调仓操作，品种：BTC-USDT-SWAP，原仓位保证金：319782.9USDT，现仓位保证金：426093.1USDT
2024-02-27 00:45:11 | SUCCESS | 交易员823664FB73B79E41进行了平仓操作，品种：SOL-USDT-SWAP，杠杆：1，方向：long
2024-02-27 02:05:16 | SUCCESS | 交易员823664FB73B79E41进行了开仓操作，品种：MEME-USDT-SWAP，杠杆：1，方向：long
2024-02-27 03:13:41 | SUCCESS | 交易员823664FB73B79E41进行了开仓操作，品种：CHZ-USDT-SWAP，杠杆：1，方向：long
2024-02-27 03:13:42 | SUCCESS | 交易员823664FB73B79E41进行了开仓操作，品种：TRB-USDT-SWAP，杠杆：1，方向：long
2024-02-27 04:38:12 | SUCCESS | 交易员823664FB73B79E41进行了调仓操作，品种：BNB-USDT-SWAP，原仓位保证金：596117.05USDT，现仓位保证金：795345.02USDT
2024-02-27 05:28:10 | SUCCESS | 交易员823664FB73B79E41进行了开仓操作，品种：LTC-USDT-SWAP，杠杆：1，方向：long
2024-02-27 06:19:59 | SUCCESS | 交易员823664FB73B79E41进行了平仓操作，品种：BTC-USDT-SWAP，杠杆：1，方向：long
2024-02-28 21:18:49 | SUCCESS | 交易员823664FB73B79E41进行了开仓操作，品种：ETH-USDT-SWAP，杠杆：1，方向：long
2024-02-28 21:18:49 | SUCCESS | 交易员823664FB73B79E41进行了平仓操作，品种：LTC-USDT-SWAP，杠杆：1，方向：long
2024-02-28 21:18:49 | SUCCESS | 交易员823664FB73B79E41进行了平仓操作，品种：CHZ-USDT-SWAP，杠杆：1，方向：long
2024-02-28 21:18:49 | SUCCESS | 交易员823664FB73B79E41进行了平仓操作，品种：TRB-USDT-SWAP，杠杆：1，方向：long
2024-02-28 21:18:49 | SUCCESS | 交易员823664FB73B79E41进行了平仓操作，品种：MEME-USDT-SWAP，杠杆：1，方向：long
2024-02-28 21:18:49 | SUCCESS | 交易员823664FB73B79E41进行了平仓操作，品种：NEAR-USDT-SWAP，杠杆：1，方向：long
2024-02-28 21:25:43 | SUCCESS | 交易员823664FB73B79E41进行了平仓操作，品种：ETH-USDT-SWAP，杠杆：1，方向：long
2024-02-28 22:02:05 | SUCCESS | 交易员823664FB73B79E41进行了开仓操作，品种：LINK-USDT-SWAP，杠杆：1，方向：long
2024-02-28 22:04:24 | SUCCESS | 交易员823664FB73B79E41进行了调仓操作，品种：LINK-USDT-SWAP，原仓位保证金：103021.19USDT，现仓位保证金：139587.78USDT
2024-02-28 22:04:58 | SUCCESS | 交易员823664FB73B79E41进行了调仓操作，品种：LINK-USDT-SWAP，原仓位保证金：139587.78USDT，现仓位保证金：149737.11USDT
2024-02-28 22:06:43 | SUCCESS | 交易员823664FB73B79E41进行了调仓操作，品种：LINK-USDT-SWAP，原仓位保证金：149737.11USDT，现仓位保证金：184342.39USDT
2024-02-28 22:08:13 | SUCCESS | 交易员823664FB73B79E41进行了调仓操作，品种：LINK-USDT-SWAP，原仓位保证金：184342.39USDT，现仓位保证金：204310.4USDT
2024-02-28 22:11:31 | SUCCESS | 交易员823664FB73B79E41进行了调仓操作，品种：LINK-USDT-SWAP，原仓位保证金：204310.4USDT，现仓位保证金：204310.4USDT
2024-02-28 22:16:29 | SUCCESS | 交易员823664FB73B79E41进行了调仓操作，品种：LINK-USDT-SWAP，原仓位保证金：204310.4USDT，现仓位保证金：234392.2USDT
2024-02-28 22:18:57 | SUCCESS | 交易员823664FB73B79E41进行了调仓操作，品种：LINK-USDT-SWAP，原仓位保证金：234392.2USDT，现仓位保证金：244423.59USDT
2024-02-28 22:21:17 | SUCCESS | 交易员823664FB73B79E41进行了调仓操作，品种：LINK-USDT-SWAP，原仓位保证金：244423.59USDT，现仓位保证金：264361.47USDT
2024-02-29 09:48:10 | SUCCESS | 交易员823664FB73B79E41进行了开仓操作，品种：OP-USDT-SWAP，杠杆：1，方向：long
2024-02-29 09:48:10 | SUCCESS | 交易员823664FB73B79E41进行了开仓操作，品种：ARB-USDT-SWAP，杠杆：1，方向：long
2024-02-29 09:48:11 | SUCCESS | 交易员823664FB73B79E41进行了开仓操作，品种：SOL-USDT-SWAP，杠杆：1，方向：long
